{"D:\\SETU\\Agile Software\\movies-api-cicd-lab\\api\\users\\userModel.js":{"path":"D:\\SETU\\Agile Software\\movies-api-cicd-lab\\api\\users\\userModel.js","statementMap":{"0":{"start":{"line":3,"column":49},"end":{"line":3,"column":316}},"1":{"start":{"line":3,"column":149},"end":{"line":3,"column":165}},"2":{"start":{"line":3,"column":185},"end":{"line":3,"column":301}},"3":{"start":{"line":4,"column":0},"end":{"line":6,"column":3}},"4":{"start":{"line":7,"column":0},"end":{"line":7,"column":28}},"5":{"start":{"line":8,"column":16},"end":{"line":8,"column":59}},"6":{"start":{"line":9,"column":14},"end":{"line":9,"column":55}},"7":{"start":{"line":10,"column":39},"end":{"line":10,"column":95}},"8":{"start":{"line":11,"column":196},"end":{"line":11,"column":263}},"9":{"start":{"line":11,"column":251},"end":{"line":11,"column":260}},"10":{"start":{"line":11,"column":275},"end":{"line":11,"column":277}},"11":{"start":{"line":11,"column":283},"end":{"line":11,"column":299}},"12":{"start":{"line":11,"column":305},"end":{"line":11,"column":321}},"13":{"start":{"line":11,"column":327},"end":{"line":11,"column":390}},"14":{"start":{"line":11,"column":373},"end":{"line":11,"column":388}},"15":{"start":{"line":11,"column":396},"end":{"line":11,"column":437}},"16":{"start":{"line":11,"column":443},"end":{"line":11,"column":469}},"17":{"start":{"line":11,"column":475},"end":{"line":11,"column":511}},"18":{"start":{"line":11,"column":517},"end":{"line":11,"column":549}},"19":{"start":{"line":11,"column":578},"end":{"line":11,"column":681}},"20":{"start":{"line":11,"column":684},"end":{"line":11,"column":777}},"21":{"start":{"line":11,"column":690},"end":{"line":11,"column":705}},"22":{"start":{"line":11,"column":720},"end":{"line":11,"column":775}},"23":{"start":{"line":11,"column":756},"end":{"line":11,"column":772}},"24":{"start":{"line":11,"column":814},"end":{"line":11,"column":867}},"25":{"start":{"line":11,"column":873},"end":{"line":11,"column":899}},"26":{"start":{"line":11,"column":905},"end":{"line":11,"column":925}},"27":{"start":{"line":11,"column":927},"end":{"line":11,"column":991}},"28":{"start":{"line":11,"column":1023},"end":{"line":11,"column":1124}},"29":{"start":{"line":11,"column":1029},"end":{"line":11,"column":1074}},"30":{"start":{"line":11,"column":1089},"end":{"line":11,"column":1122}},"31":{"start":{"line":11,"column":1127},"end":{"line":11,"column":1141}},"32":{"start":{"line":11,"column":1150},"end":{"line":11,"column":1166}},"33":{"start":{"line":11,"column":1172},"end":{"line":11,"column":1188}},"34":{"start":{"line":11,"column":1194},"end":{"line":11,"column":1205}},"35":{"start":{"line":11,"column":1211},"end":{"line":11,"column":1222}},"36":{"start":{"line":11,"column":1228},"end":{"line":11,"column":1230}},"37":{"start":{"line":11,"column":1337},"end":{"line":11,"column":1339}},"38":{"start":{"line":11,"column":1341},"end":{"line":11,"column":1384}},"39":{"start":{"line":11,"column":1368},"end":{"line":11,"column":1380}},"40":{"start":{"line":11,"column":1393},"end":{"line":11,"column":1414}},"41":{"start":{"line":11,"column":1420},"end":{"line":11,"column":1441}},"42":{"start":{"line":11,"column":1443},"end":{"line":11,"column":1483}},"43":{"start":{"line":11,"column":1492},"end":{"line":11,"column":1569}},"44":{"start":{"line":11,"column":1607},"end":{"line":11,"column":1720}},"45":{"start":{"line":11,"column":1658},"end":{"line":11,"column":1716}},"46":{"start":{"line":11,"column":1686},"end":{"line":11,"column":1712}},"47":{"start":{"line":11,"column":1792},"end":{"line":11,"column":1812}},"48":{"start":{"line":11,"column":1814},"end":{"line":11,"column":2152}},"49":{"start":{"line":11,"column":1848},"end":{"line":11,"column":1853}},"50":{"start":{"line":11,"column":1859},"end":{"line":11,"column":1866}},"51":{"start":{"line":11,"column":1868},"end":{"line":11,"column":2150}},"52":{"start":{"line":11,"column":1970},"end":{"line":11,"column":1994}},"53":{"start":{"line":11,"column":2013},"end":{"line":11,"column":2038}},"54":{"start":{"line":11,"column":2077},"end":{"line":11,"column":2095}},"55":{"start":{"line":11,"column":2114},"end":{"line":11,"column":2146}},"56":{"start":{"line":11,"column":2153},"end":{"line":11,"column":2162}},"57":{"start":{"line":11,"column":2172},"end":{"line":11,"column":2435}},"58":{"start":{"line":11,"column":2263},"end":{"line":11,"column":2317}},"59":{"start":{"line":11,"column":2294},"end":{"line":11,"column":2313}},"60":{"start":{"line":11,"column":2320},"end":{"line":11,"column":2429}},"61":{"start":{"line":11,"column":2483},"end":{"line":11,"column":2484}},"62":{"start":{"line":11,"column":2486},"end":{"line":11,"column":3215}},"63":{"start":{"line":11,"column":2511},"end":{"line":11,"column":2572}},"64":{"start":{"line":11,"column":2524},"end":{"line":11,"column":2572}},"65":{"start":{"line":11,"column":2573},"end":{"line":11,"column":2648}},"66":{"start":{"line":11,"column":2588},"end":{"line":11,"column":2615}},"67":{"start":{"line":11,"column":2607},"end":{"line":11,"column":2615}},"68":{"start":{"line":11,"column":2616},"end":{"line":11,"column":2646}},"69":{"start":{"line":11,"column":2649},"end":{"line":11,"column":3212}},"70":{"start":{"line":11,"column":2691},"end":{"line":11,"column":2701}},"71":{"start":{"line":11,"column":2703},"end":{"line":11,"column":2792}},"72":{"start":{"line":11,"column":2720},"end":{"line":11,"column":2745}},"73":{"start":{"line":11,"column":2747},"end":{"line":11,"column":2790}},"74":{"start":{"line":11,"column":2756},"end":{"line":11,"column":2778}},"75":{"start":{"line":11,"column":2769},"end":{"line":11,"column":2778}},"76":{"start":{"line":11,"column":2779},"end":{"line":11,"column":2788}},"77":{"start":{"line":11,"column":2793},"end":{"line":11,"column":2995}},"78":{"start":{"line":11,"column":2818},"end":{"line":11,"column":2843}},"79":{"start":{"line":11,"column":2848},"end":{"line":11,"column":2995}},"80":{"start":{"line":11,"column":2876},"end":{"line":11,"column":2908}},"81":{"start":{"line":11,"column":2889},"end":{"line":11,"column":2908}},"82":{"start":{"line":11,"column":2909},"end":{"line":11,"column":2936}},"83":{"start":{"line":11,"column":2944},"end":{"line":11,"column":2995}},"84":{"start":{"line":11,"column":2996},"end":{"line":11,"column":3002}},"85":{"start":{"line":11,"column":3011},"end":{"line":11,"column":3028}},"86":{"start":{"line":11,"column":3030},"end":{"line":11,"column":3144}},"87":{"start":{"line":11,"column":3057},"end":{"line":11,"column":3103}},"88":{"start":{"line":11,"column":3094},"end":{"line":11,"column":3103}},"89":{"start":{"line":11,"column":3104},"end":{"line":11,"column":3142}},"90":{"start":{"line":11,"column":3145},"end":{"line":11,"column":3210}},"91":{"start":{"line":11,"column":3263},"end":{"line":11,"column":3271}},"92":{"start":{"line":11,"column":3277},"end":{"line":11,"column":3290}},"93":{"start":{"line":11,"column":3292},"end":{"line":11,"column":3576}},"94":{"start":{"line":11,"column":3305},"end":{"line":11,"column":3576}},"95":{"start":{"line":11,"column":3585},"end":{"line":11,"column":3615}},"96":{"start":{"line":11,"column":3617},"end":{"line":11,"column":3704}},"97":{"start":{"line":11,"column":3641},"end":{"line":11,"column":3704}},"98":{"start":{"line":11,"column":3713},"end":{"line":11,"column":3718}},"99":{"start":{"line":11,"column":3720},"end":{"line":11,"column":3975}},"100":{"start":{"line":11,"column":4013},"end":{"line":11,"column":4029}},"101":{"start":{"line":11,"column":4031},"end":{"line":11,"column":4138}},"102":{"start":{"line":11,"column":4177},"end":{"line":11,"column":4195}},"103":{"start":{"line":11,"column":4197},"end":{"line":11,"column":4247}},"104":{"start":{"line":11,"column":4272},"end":{"line":11,"column":4358}},"105":{"start":{"line":11,"column":4382},"end":{"line":11,"column":4703}},"106":{"start":{"line":11,"column":4411},"end":{"line":11,"column":4415}},"107":{"start":{"line":11,"column":4417},"end":{"line":11,"column":4441}},"108":{"start":{"line":11,"column":4424},"end":{"line":11,"column":4441}},"109":{"start":{"line":11,"column":4442},"end":{"line":11,"column":4484}},"110":{"start":{"line":11,"column":4475},"end":{"line":11,"column":4484}},"111":{"start":{"line":11,"column":4485},"end":{"line":11,"column":4701}},"112":{"start":{"line":11,"column":4517},"end":{"line":11,"column":4519}},"113":{"start":{"line":11,"column":4525},"end":{"line":11,"column":4679}},"114":{"start":{"line":11,"column":4543},"end":{"line":11,"column":4632}},"115":{"start":{"line":11,"column":4567},"end":{"line":11,"column":4632}},"116":{"start":{"line":11,"column":4585},"end":{"line":11,"column":4632}},"117":{"start":{"line":11,"column":4633},"end":{"line":11,"column":4677}},"118":{"start":{"line":11,"column":4681},"end":{"line":11,"column":4699}},"119":{"start":{"line":11,"column":4704},"end":{"line":11,"column":4757}},"120":{"start":{"line":11,"column":4760},"end":{"line":11,"column":9059}},"121":{"start":{"line":11,"column":5136},"end":{"line":11,"column":5175}},"122":{"start":{"line":11,"column":5177},"end":{"line":11,"column":5270}},"123":{"start":{"line":11,"column":5298},"end":{"line":11,"column":5497}},"124":{"start":{"line":11,"column":5526},"end":{"line":11,"column":5548}},"125":{"start":{"line":11,"column":5649},"end":{"line":11,"column":5661}},"126":{"start":{"line":11,"column":5736},"end":{"line":11,"column":5766}},"127":{"start":{"line":11,"column":5775},"end":{"line":11,"column":5813}},"128":{"start":{"line":11,"column":5815},"end":{"line":11,"column":5921}},"129":{"start":{"line":11,"column":5882},"end":{"line":11,"column":5917}},"130":{"start":{"line":11,"column":6005},"end":{"line":11,"column":6017}},"131":{"start":{"line":11,"column":6058},"end":{"line":11,"column":6086}},"132":{"start":{"line":11,"column":6123},"end":{"line":11,"column":6132}},"133":{"start":{"line":11,"column":6138},"end":{"line":11,"column":6140}},"134":{"start":{"line":11,"column":6142},"end":{"line":11,"column":6169}},"135":{"start":{"line":11,"column":6159},"end":{"line":11,"column":6169}},"136":{"start":{"line":11,"column":6170},"end":{"line":11,"column":6335}},"137":{"start":{"line":11,"column":6208},"end":{"line":11,"column":6303}},"138":{"start":{"line":11,"column":6236},"end":{"line":11,"column":6243}},"139":{"start":{"line":11,"column":6245},"end":{"line":11,"column":6301}},"140":{"start":{"line":11,"column":6257},"end":{"line":11,"column":6301}},"141":{"start":{"line":11,"column":6304},"end":{"line":11,"column":6332}},"142":{"start":{"line":11,"column":6429},"end":{"line":11,"column":6708}},"143":{"start":{"line":11,"column":6609},"end":{"line":11,"column":6708}},"144":{"start":{"line":11,"column":6629},"end":{"line":11,"column":6708}},"145":{"start":{"line":11,"column":6736},"end":{"line":11,"column":6751}},"146":{"start":{"line":11,"column":6760},"end":{"line":11,"column":6789}},"147":{"start":{"line":11,"column":6791},"end":{"line":11,"column":6827}},"148":{"start":{"line":11,"column":6815},"end":{"line":11,"column":6827}},"149":{"start":{"line":11,"column":6828},"end":{"line":11,"column":6845}},"150":{"start":{"line":11,"column":6900},"end":{"line":11,"column":6923}},"151":{"start":{"line":11,"column":6915},"end":{"line":11,"column":6923}},"152":{"start":{"line":11,"column":6932},"end":{"line":11,"column":6936}},"153":{"start":{"line":11,"column":6962},"end":{"line":11,"column":7051}},"154":{"start":{"line":11,"column":7054},"end":{"line":11,"column":7639}},"155":{"start":{"line":11,"column":7067},"end":{"line":11,"column":7093}},"156":{"start":{"line":11,"column":7118},"end":{"line":11,"column":7136}},"157":{"start":{"line":11,"column":7142},"end":{"line":11,"column":7154}},"158":{"start":{"line":11,"column":7156},"end":{"line":11,"column":7202}},"159":{"start":{"line":11,"column":7181},"end":{"line":11,"column":7202}},"160":{"start":{"line":11,"column":7203},"end":{"line":11,"column":7637}},"161":{"start":{"line":11,"column":7240},"end":{"line":11,"column":7261}},"162":{"start":{"line":11,"column":7267},"end":{"line":11,"column":7290}},"163":{"start":{"line":11,"column":7292},"end":{"line":11,"column":7635}},"164":{"start":{"line":11,"column":7306},"end":{"line":11,"column":7364}},"165":{"start":{"line":11,"column":7334},"end":{"line":11,"column":7364}},"166":{"start":{"line":11,"column":7365},"end":{"line":11,"column":7423}},"167":{"start":{"line":11,"column":7395},"end":{"line":11,"column":7423}},"168":{"start":{"line":11,"column":7431},"end":{"line":11,"column":7635}},"169":{"start":{"line":11,"column":7440},"end":{"line":11,"column":7498}},"170":{"start":{"line":11,"column":7468},"end":{"line":11,"column":7498}},"171":{"start":{"line":11,"column":7508},"end":{"line":11,"column":7574}},"172":{"start":{"line":11,"column":7516},"end":{"line":11,"column":7574}},"173":{"start":{"line":11,"column":7575},"end":{"line":11,"column":7633}},"174":{"start":{"line":11,"column":7605},"end":{"line":11,"column":7633}},"175":{"start":{"line":11,"column":7675},"end":{"line":11,"column":7864}},"176":{"start":{"line":11,"column":7688},"end":{"line":11,"column":7714}},"177":{"start":{"line":11,"column":7739},"end":{"line":11,"column":7757}},"178":{"start":{"line":11,"column":7759},"end":{"line":11,"column":7862}},"179":{"start":{"line":11,"column":7851},"end":{"line":11,"column":7852}},"180":{"start":{"line":11,"column":7854},"end":{"line":11,"column":7860}},"181":{"start":{"line":11,"column":7865},"end":{"line":11,"column":7958}},"182":{"start":{"line":11,"column":7967},"end":{"line":11,"column":7988}},"183":{"start":{"line":11,"column":7990},"end":{"line":11,"column":8095}},"184":{"start":{"line":11,"column":8135},"end":{"line":11,"column":8171}},"185":{"start":{"line":11,"column":8159},"end":{"line":11,"column":8171}},"186":{"start":{"line":11,"column":8172},"end":{"line":11,"column":8390}},"187":{"start":{"line":11,"column":8423},"end":{"line":11,"column":8601}},"188":{"start":{"line":11,"column":8436},"end":{"line":11,"column":8462}},"189":{"start":{"line":11,"column":8487},"end":{"line":11,"column":8505}},"190":{"start":{"line":11,"column":8507},"end":{"line":11,"column":8599}},"191":{"start":{"line":11,"column":8531},"end":{"line":11,"column":8599}},"192":{"start":{"line":11,"column":8635},"end":{"line":11,"column":8837}},"193":{"start":{"line":11,"column":8648},"end":{"line":11,"column":8674}},"194":{"start":{"line":11,"column":8699},"end":{"line":11,"column":8717}},"195":{"start":{"line":11,"column":8719},"end":{"line":11,"column":8835}},"196":{"start":{"line":11,"column":8749},"end":{"line":11,"column":8761}},"197":{"start":{"line":11,"column":8763},"end":{"line":11,"column":8823}},"198":{"start":{"line":11,"column":8797},"end":{"line":11,"column":8802}},"199":{"start":{"line":11,"column":8804},"end":{"line":11,"column":8821}},"200":{"start":{"line":11,"column":8824},"end":{"line":11,"column":8833}},"201":{"start":{"line":11,"column":8838},"end":{"line":11,"column":8879}},"202":{"start":{"line":11,"column":8932},"end":{"line":11,"column":9051}},"203":{"start":{"line":12,"column":77},"end":{"line":12,"column":175}},"204":{"start":{"line":12,"column":94},"end":{"line":12,"column":107}},"205":{"start":{"line":12,"column":121},"end":{"line":12,"column":131}},"206":{"start":{"line":12,"column":151},"end":{"line":12,"column":165}},"207":{"start":{"line":12,"column":166},"end":{"line":12,"column":173}},"208":{"start":{"line":12,"column":176},"end":{"line":12,"column":263}},"209":{"start":{"line":12,"column":193},"end":{"line":12,"column":208}},"210":{"start":{"line":12,"column":218},"end":{"line":12,"column":261}},"211":{"start":{"line":13,"column":33},"end":{"line":13,"column":387}},"212":{"start":{"line":13,"column":65},"end":{"line":13,"column":69}},"213":{"start":{"line":13,"column":78},"end":{"line":13,"column":87}},"214":{"start":{"line":13,"column":89},"end":{"line":13,"column":384}},"215":{"start":{"line":13,"column":147},"end":{"line":13,"column":167}},"216":{"start":{"line":13,"column":193},"end":{"line":13,"column":264}},"217":{"start":{"line":13,"column":290},"end":{"line":13,"column":360}},"218":{"start":{"line":13,"column":363},"end":{"line":13,"column":380}},"219":{"start":{"line":14,"column":13},"end":{"line":14,"column":40}},"220":{"start":{"line":15,"column":17},"end":{"line":25,"column":2}},"221":{"start":{"line":26,"column":0},"end":{"line":44,"column":4}},"222":{"start":{"line":27,"column":13},"end":{"line":40,"column":5}},"223":{"start":{"line":28,"column":4},"end":{"line":39,"column":22}},"224":{"start":{"line":29,"column":6},"end":{"line":38,"column":7}},"225":{"start":{"line":29,"column":16},"end":{"line":38,"column":7}},"226":{"start":{"line":31,"column":10},"end":{"line":31,"column":28}},"227":{"start":{"line":32,"column":10},"end":{"line":32,"column":66}},"228":{"start":{"line":34,"column":10},"end":{"line":34,"column":58}},"229":{"start":{"line":37,"column":10},"end":{"line":37,"column":33}},"230":{"start":{"line":41,"column":2},"end":{"line":43,"column":4}},"231":{"start":{"line":42,"column":4},"end":{"line":42,"column":39}},"232":{"start":{"line":45,"column":0},"end":{"line":49,"column":2}},"233":{"start":{"line":46,"column":2},"end":{"line":48,"column":5}},"234":{"start":{"line":50,"column":0},"end":{"line":89,"column":5}},"235":{"start":{"line":51,"column":14},"end":{"line":85,"column":5}},"236":{"start":{"line":53,"column":4},"end":{"line":84,"column":34}},"237":{"start":{"line":54,"column":6},"end":{"line":83,"column":7}},"238":{"start":{"line":54,"column":16},"end":{"line":83,"column":7}},"239":{"start":{"line":56,"column":10},"end":{"line":56,"column":26}},"240":{"start":{"line":58,"column":10},"end":{"line":61,"column":11}},"241":{"start":{"line":59,"column":12},"end":{"line":59,"column":32}},"242":{"start":{"line":60,"column":12},"end":{"line":60,"column":18}},"243":{"start":{"line":62,"column":10},"end":{"line":62,"column":29}},"244":{"start":{"line":63,"column":10},"end":{"line":63,"column":29}},"245":{"start":{"line":64,"column":10},"end":{"line":64,"column":68}},"246":{"start":{"line":66,"column":10},"end":{"line":66,"column":32}},"247":{"start":{"line":67,"column":10},"end":{"line":67,"column":31}},"248":{"start":{"line":68,"column":10},"end":{"line":68,"column":17}},"249":{"start":{"line":69,"column":10},"end":{"line":69,"column":30}},"250":{"start":{"line":70,"column":10},"end":{"line":70,"column":16}},"251":{"start":{"line":72,"column":10},"end":{"line":72,"column":30}},"252":{"start":{"line":73,"column":10},"end":{"line":73,"column":47}},"253":{"start":{"line":74,"column":10},"end":{"line":74,"column":29}},"254":{"start":{"line":76,"column":10},"end":{"line":76,"column":30}},"255":{"start":{"line":77,"column":10},"end":{"line":77,"column":16}},"256":{"start":{"line":79,"column":10},"end":{"line":79,"column":17}},"257":{"start":{"line":82,"column":10},"end":{"line":82,"column":34}},"258":{"start":{"line":86,"column":2},"end":{"line":88,"column":4}},"259":{"start":{"line":87,"column":4},"end":{"line":87,"column":40}},"260":{"start":{"line":90,"column":15},"end":{"line":90,"column":82}}},"fnMap":{"0":{"name":"_typeof","decl":{"start":{"line":3,"column":9},"end":{"line":3,"column":16}},"loc":{"start":{"line":3,"column":20},"end":{"line":3,"column":318}},"line":3},"1":{"name":"(anonymous_1)","decl":{"start":{"line":3,"column":134},"end":{"line":3,"column":135}},"loc":{"start":{"line":3,"column":147},"end":{"line":3,"column":167}},"line":3},"2":{"name":"(anonymous_2)","decl":{"start":{"line":3,"column":170},"end":{"line":3,"column":171}},"loc":{"start":{"line":3,"column":183},"end":{"line":3,"column":303}},"line":3},"3":{"name":"_interopRequireDefault","decl":{"start":{"line":10,"column":9},"end":{"line":10,"column":31}},"loc":{"start":{"line":10,"column":37},"end":{"line":10,"column":97}},"line":10},"4":{"name":"_regeneratorRuntime","decl":{"start":{"line":11,"column":9},"end":{"line":11,"column":28}},"loc":{"start":{"line":11,"column":31},"end":{"line":11,"column":9061}},"line":11},"5":{"name":"_regeneratorRuntime","decl":{"start":{"line":11,"column":227},"end":{"line":11,"column":246}},"loc":{"start":{"line":11,"column":249},"end":{"line":11,"column":262}},"line":11},"6":{"name":"(anonymous_6)","decl":{"start":{"line":11,"column":352},"end":{"line":11,"column":353}},"loc":{"start":{"line":11,"column":371},"end":{"line":11,"column":390}},"line":11},"7":{"name":"define","decl":{"start":{"line":11,"column":560},"end":{"line":11,"column":566}},"loc":{"start":{"line":11,"column":576},"end":{"line":11,"column":683}},"line":11},"8":{"name":"define","decl":{"start":{"line":11,"column":738},"end":{"line":11,"column":744}},"loc":{"start":{"line":11,"column":754},"end":{"line":11,"column":774}},"line":11},"9":{"name":"wrap","decl":{"start":{"line":11,"column":787},"end":{"line":11,"column":791}},"loc":{"start":{"line":11,"column":804},"end":{"line":11,"column":993}},"line":11},"10":{"name":"tryCatch","decl":{"start":{"line":11,"column":1003},"end":{"line":11,"column":1011}},"loc":{"start":{"line":11,"column":1021},"end":{"line":11,"column":1126}},"line":11},"11":{"name":"Generator","decl":{"start":{"line":11,"column":1241},"end":{"line":11,"column":1250}},"loc":{"start":{"line":11,"column":1253},"end":{"line":11,"column":1255}},"line":11},"12":{"name":"GeneratorFunction","decl":{"start":{"line":11,"column":1265},"end":{"line":11,"column":1282}},"loc":{"start":{"line":11,"column":1285},"end":{"line":11,"column":1287}},"line":11},"13":{"name":"GeneratorFunctionPrototype","decl":{"start":{"line":11,"column":1297},"end":{"line":11,"column":1323}},"loc":{"start":{"line":11,"column":1326},"end":{"line":11,"column":1328}},"line":11},"14":{"name":"(anonymous_14)","decl":{"start":{"line":11,"column":1354},"end":{"line":11,"column":1355}},"loc":{"start":{"line":11,"column":1366},"end":{"line":11,"column":1382}},"line":11},"15":{"name":"defineIteratorMethods","decl":{"start":{"line":11,"column":1580},"end":{"line":11,"column":1601}},"loc":{"start":{"line":11,"column":1605},"end":{"line":11,"column":1722}},"line":11},"16":{"name":"(anonymous_16)","decl":{"start":{"line":11,"column":1643},"end":{"line":11,"column":1644}},"loc":{"start":{"line":11,"column":1656},"end":{"line":11,"column":1718}},"line":11},"17":{"name":"(anonymous_17)","decl":{"start":{"line":11,"column":1671},"end":{"line":11,"column":1672}},"loc":{"start":{"line":11,"column":1684},"end":{"line":11,"column":1714}},"line":11},"18":{"name":"AsyncIterator","decl":{"start":{"line":11,"column":1732},"end":{"line":11,"column":1745}},"loc":{"start":{"line":11,"column":1752},"end":{"line":11,"column":2437}},"line":11},"19":{"name":"invoke","decl":{"start":{"line":11,"column":1763},"end":{"line":11,"column":1769}},"loc":{"start":{"line":11,"column":1782},"end":{"line":11,"column":2164}},"line":11},"20":{"name":"(anonymous_20)","decl":{"start":{"line":11,"column":1955},"end":{"line":11,"column":1956}},"loc":{"start":{"line":11,"column":1968},"end":{"line":11,"column":1996}},"line":11},"21":{"name":"(anonymous_21)","decl":{"start":{"line":11,"column":1998},"end":{"line":11,"column":1999}},"loc":{"start":{"line":11,"column":2011},"end":{"line":11,"column":2040}},"line":11},"22":{"name":"(anonymous_22)","decl":{"start":{"line":11,"column":2062},"end":{"line":11,"column":2063}},"loc":{"start":{"line":11,"column":2075},"end":{"line":11,"column":2097}},"line":11},"23":{"name":"(anonymous_23)","decl":{"start":{"line":11,"column":2099},"end":{"line":11,"column":2100}},"loc":{"start":{"line":11,"column":2112},"end":{"line":11,"column":2148}},"line":11},"24":{"name":"value","decl":{"start":{"line":11,"column":2209},"end":{"line":11,"column":2214}},"loc":{"start":{"line":11,"column":2221},"end":{"line":11,"column":2431}},"line":11},"25":{"name":"callInvokeWithMethodAndArg","decl":{"start":{"line":11,"column":2232},"end":{"line":11,"column":2258}},"loc":{"start":{"line":11,"column":2261},"end":{"line":11,"column":2319}},"line":11},"26":{"name":"(anonymous_26)","decl":{"start":{"line":11,"column":2276},"end":{"line":11,"column":2277}},"loc":{"start":{"line":11,"column":2292},"end":{"line":11,"column":2315}},"line":11},"27":{"name":"makeInvokeMethod","decl":{"start":{"line":11,"column":2447},"end":{"line":11,"column":2463}},"loc":{"start":{"line":11,"column":2473},"end":{"line":11,"column":3217}},"line":11},"28":{"name":"(anonymous_28)","decl":{"start":{"line":11,"column":2493},"end":{"line":11,"column":2494}},"loc":{"start":{"line":11,"column":2509},"end":{"line":11,"column":3214}},"line":11},"29":{"name":"maybeInvokeDelegate","decl":{"start":{"line":11,"column":3227},"end":{"line":11,"column":3246}},"loc":{"start":{"line":11,"column":3253},"end":{"line":11,"column":3977}},"line":11},"30":{"name":"pushTryEntry","decl":{"start":{"line":11,"column":3987},"end":{"line":11,"column":3999}},"loc":{"start":{"line":11,"column":4003},"end":{"line":11,"column":4140}},"line":11},"31":{"name":"resetTryEntry","decl":{"start":{"line":11,"column":4150},"end":{"line":11,"column":4163}},"loc":{"start":{"line":11,"column":4167},"end":{"line":11,"column":4249}},"line":11},"32":{"name":"Context","decl":{"start":{"line":11,"column":4259},"end":{"line":11,"column":4266}},"loc":{"start":{"line":11,"column":4270},"end":{"line":11,"column":4360}},"line":11},"33":{"name":"values","decl":{"start":{"line":11,"column":4370},"end":{"line":11,"column":4376}},"loc":{"start":{"line":11,"column":4380},"end":{"line":11,"column":4759}},"line":11},"34":{"name":"next","decl":{"start":{"line":11,"column":4534},"end":{"line":11,"column":4538}},"loc":{"start":{"line":11,"column":4541},"end":{"line":11,"column":4679}},"line":11},"35":{"name":"(anonymous_35)","decl":{"start":{"line":11,"column":5113},"end":{"line":11,"column":5114}},"loc":{"start":{"line":11,"column":5126},"end":{"line":11,"column":5272}},"line":11},"36":{"name":"(anonymous_36)","decl":{"start":{"line":11,"column":5283},"end":{"line":11,"column":5284}},"loc":{"start":{"line":11,"column":5296},"end":{"line":11,"column":5499}},"line":11},"37":{"name":"(anonymous_37)","decl":{"start":{"line":11,"column":5511},"end":{"line":11,"column":5512}},"loc":{"start":{"line":11,"column":5524},"end":{"line":11,"column":5550}},"line":11},"38":{"name":"(anonymous_38)","decl":{"start":{"line":11,"column":5635},"end":{"line":11,"column":5636}},"loc":{"start":{"line":11,"column":5647},"end":{"line":11,"column":5663}},"line":11},"39":{"name":"(anonymous_39)","decl":{"start":{"line":11,"column":5709},"end":{"line":11,"column":5710}},"loc":{"start":{"line":11,"column":5734},"end":{"line":11,"column":5923}},"line":11},"40":{"name":"(anonymous_40)","decl":{"start":{"line":11,"column":5867},"end":{"line":11,"column":5868}},"loc":{"start":{"line":11,"column":5880},"end":{"line":11,"column":5919}},"line":11},"41":{"name":"(anonymous_41)","decl":{"start":{"line":11,"column":5991},"end":{"line":11,"column":5992}},"loc":{"start":{"line":11,"column":6003},"end":{"line":11,"column":6019}},"line":11},"42":{"name":"(anonymous_42)","decl":{"start":{"line":11,"column":6044},"end":{"line":11,"column":6045}},"loc":{"start":{"line":11,"column":6056},"end":{"line":11,"column":6088}},"line":11},"43":{"name":"(anonymous_43)","decl":{"start":{"line":11,"column":6100},"end":{"line":11,"column":6101}},"loc":{"start":{"line":11,"column":6113},"end":{"line":11,"column":6337}},"line":11},"44":{"name":"next","decl":{"start":{"line":11,"column":6199},"end":{"line":11,"column":6203}},"loc":{"start":{"line":11,"column":6206},"end":{"line":11,"column":6334}},"line":11},"45":{"name":"reset","decl":{"start":{"line":11,"column":6418},"end":{"line":11,"column":6423}},"loc":{"start":{"line":11,"column":6427},"end":{"line":11,"column":6710}},"line":11},"46":{"name":"stop","decl":{"start":{"line":11,"column":6727},"end":{"line":11,"column":6731}},"loc":{"start":{"line":11,"column":6734},"end":{"line":11,"column":6847}},"line":11},"47":{"name":"dispatchException","decl":{"start":{"line":11,"column":6877},"end":{"line":11,"column":6894}},"loc":{"start":{"line":11,"column":6898},"end":{"line":11,"column":7641}},"line":11},"48":{"name":"handle","decl":{"start":{"line":11,"column":6947},"end":{"line":11,"column":6953}},"loc":{"start":{"line":11,"column":6960},"end":{"line":11,"column":7053}},"line":11},"49":{"name":"abrupt","decl":{"start":{"line":11,"column":7660},"end":{"line":11,"column":7666}},"loc":{"start":{"line":11,"column":7673},"end":{"line":11,"column":8097}},"line":11},"50":{"name":"complete","decl":{"start":{"line":11,"column":8118},"end":{"line":11,"column":8126}},"loc":{"start":{"line":11,"column":8133},"end":{"line":11,"column":8392}},"line":11},"51":{"name":"finish","decl":{"start":{"line":11,"column":8411},"end":{"line":11,"column":8417}},"loc":{"start":{"line":11,"column":8421},"end":{"line":11,"column":8603}},"line":11},"52":{"name":"_catch","decl":{"start":{"line":11,"column":8623},"end":{"line":11,"column":8629}},"loc":{"start":{"line":11,"column":8633},"end":{"line":11,"column":8881}},"line":11},"53":{"name":"delegateYield","decl":{"start":{"line":11,"column":8907},"end":{"line":11,"column":8920}},"loc":{"start":{"line":11,"column":8930},"end":{"line":11,"column":9053}},"line":11},"54":{"name":"asyncGeneratorStep","decl":{"start":{"line":12,"column":9},"end":{"line":12,"column":27}},"loc":{"start":{"line":12,"column":75},"end":{"line":12,"column":265}},"line":12},"55":{"name":"_asyncToGenerator","decl":{"start":{"line":13,"column":9},"end":{"line":13,"column":26}},"loc":{"start":{"line":13,"column":31},"end":{"line":13,"column":389}},"line":13},"56":{"name":"(anonymous_56)","decl":{"start":{"line":13,"column":40},"end":{"line":13,"column":41}},"loc":{"start":{"line":13,"column":52},"end":{"line":13,"column":386}},"line":13},"57":{"name":"(anonymous_57)","decl":{"start":{"line":13,"column":108},"end":{"line":13,"column":109}},"loc":{"start":{"line":13,"column":135},"end":{"line":13,"column":382}},"line":13},"58":{"name":"_next","decl":{"start":{"line":13,"column":178},"end":{"line":13,"column":183}},"loc":{"start":{"line":13,"column":191},"end":{"line":13,"column":266}},"line":13},"59":{"name":"_throw","decl":{"start":{"line":13,"column":276},"end":{"line":13,"column":282}},"loc":{"start":{"line":13,"column":288},"end":{"line":13,"column":362}},"line":13},"60":{"name":"(anonymous_60)","decl":{"start":{"line":26,"column":50},"end":{"line":26,"column":51}},"loc":{"start":{"line":26,"column":62},"end":{"line":44,"column":1}},"line":26},"61":{"name":"_callee","decl":{"start":{"line":27,"column":81},"end":{"line":27,"column":88}},"loc":{"start":{"line":27,"column":96},"end":{"line":40,"column":3}},"line":27},"62":{"name":"_callee$","decl":{"start":{"line":28,"column":47},"end":{"line":28,"column":55}},"loc":{"start":{"line":28,"column":66},"end":{"line":39,"column":5}},"line":28},"63":{"name":"(anonymous_63)","decl":{"start":{"line":41,"column":9},"end":{"line":41,"column":10}},"loc":{"start":{"line":41,"column":23},"end":{"line":43,"column":3}},"line":41},"64":{"name":"(anonymous_64)","decl":{"start":{"line":45,"column":36},"end":{"line":45,"column":37}},"loc":{"start":{"line":45,"column":56},"end":{"line":49,"column":1}},"line":45},"65":{"name":"(anonymous_65)","decl":{"start":{"line":50,"column":36},"end":{"line":50,"column":37}},"loc":{"start":{"line":50,"column":48},"end":{"line":89,"column":1}},"line":50},"66":{"name":"_callee2","decl":{"start":{"line":51,"column":82},"end":{"line":51,"column":90}},"loc":{"start":{"line":51,"column":97},"end":{"line":85,"column":3}},"line":51},"67":{"name":"_callee2$","decl":{"start":{"line":53,"column":47},"end":{"line":53,"column":56}},"loc":{"start":{"line":53,"column":68},"end":{"line":84,"column":5}},"line":53},"68":{"name":"(anonymous_68)","decl":{"start":{"line":86,"column":9},"end":{"line":86,"column":10}},"loc":{"start":{"line":86,"column":24},"end":{"line":88,"column":3}},"line":86}},"branchMap":{"0":{"loc":{"start":{"line":3,"column":66},"end":{"line":3,"column":303}},"type":"cond-expr","locations":[{"start":{"line":3,"column":134},"end":{"line":3,"column":167}},{"start":{"line":3,"column":170},"end":{"line":3,"column":303}}],"line":3},"1":{"loc":{"start":{"line":3,"column":66},"end":{"line":3,"column":131}},"type":"binary-expr","locations":[{"start":{"line":3,"column":66},"end":{"line":3,"column":93}},{"start":{"line":3,"column":97},"end":{"line":3,"column":131}}],"line":3},"2":{"loc":{"start":{"line":3,"column":192},"end":{"line":3,"column":300}},"type":"cond-expr","locations":[{"start":{"line":3,"column":281},"end":{"line":3,"column":289}},{"start":{"line":3,"column":292},"end":{"line":3,"column":300}}],"line":3},"3":{"loc":{"start":{"line":3,"column":192},"end":{"line":3,"column":278}},"type":"binary-expr","locations":[{"start":{"line":3,"column":192},"end":{"line":3,"column":193}},{"start":{"line":3,"column":197},"end":{"line":3,"column":224}},{"start":{"line":3,"column":228},"end":{"line":3,"column":252}},{"start":{"line":3,"column":256},"end":{"line":3,"column":278}}],"line":3},"4":{"loc":{"start":{"line":10,"column":46},"end":{"line":10,"column":94}},"type":"cond-expr","locations":[{"start":{"line":10,"column":70},"end":{"line":10,"column":73}},{"start":{"line":10,"column":76},"end":{"line":10,"column":94}}],"line":10},"5":{"loc":{"start":{"line":10,"column":46},"end":{"line":10,"column":67}},"type":"binary-expr","locations":[{"start":{"line":10,"column":46},"end":{"line":10,"column":49}},{"start":{"line":10,"column":53},"end":{"line":10,"column":67}}],"line":10},"6":{"loc":{"start":{"line":11,"column":327},"end":{"line":11,"column":390}},"type":"binary-expr","locations":[{"start":{"line":11,"column":327},"end":{"line":11,"column":348}},{"start":{"line":11,"column":352},"end":{"line":11,"column":390}}],"line":11},"7":{"loc":{"start":{"line":11,"column":396},"end":{"line":11,"column":437}},"type":"cond-expr","locations":[{"start":{"line":11,"column":426},"end":{"line":11,"column":432}},{"start":{"line":11,"column":435},"end":{"line":11,"column":437}}],"line":11},"8":{"loc":{"start":{"line":11,"column":443},"end":{"line":11,"column":469}},"type":"binary-expr","locations":[{"start":{"line":11,"column":443},"end":{"line":11,"column":453}},{"start":{"line":11,"column":457},"end":{"line":11,"column":469}}],"line":11},"9":{"loc":{"start":{"line":11,"column":475},"end":{"line":11,"column":511}},"type":"binary-expr","locations":[{"start":{"line":11,"column":475},"end":{"line":11,"column":490}},{"start":{"line":11,"column":494},"end":{"line":11,"column":511}}],"line":11},"10":{"loc":{"start":{"line":11,"column":517},"end":{"line":11,"column":549}},"type":"binary-expr","locations":[{"start":{"line":11,"column":517},"end":{"line":11,"column":530}},{"start":{"line":11,"column":534},"end":{"line":11,"column":549}}],"line":11},"11":{"loc":{"start":{"line":11,"column":814},"end":{"line":11,"column":867}},"type":"cond-expr","locations":[{"start":{"line":11,"column":854},"end":{"line":11,"column":855}},{"start":{"line":11,"column":858},"end":{"line":11,"column":867}}],"line":11},"12":{"loc":{"start":{"line":11,"column":814},"end":{"line":11,"column":851}},"type":"binary-expr","locations":[{"start":{"line":11,"column":814},"end":{"line":11,"column":815}},{"start":{"line":11,"column":819},"end":{"line":11,"column":851}}],"line":11},"13":{"loc":{"start":{"line":11,"column":917},"end":{"line":11,"column":924}},"type":"binary-expr","locations":[{"start":{"line":11,"column":917},"end":{"line":11,"column":918}},{"start":{"line":11,"column":922},"end":{"line":11,"column":924}}],"line":11},"14":{"loc":{"start":{"line":11,"column":1420},"end":{"line":11,"column":1441}},"type":"binary-expr","locations":[{"start":{"line":11,"column":1420},"end":{"line":11,"column":1421}},{"start":{"line":11,"column":1425},"end":{"line":11,"column":1441}}],"line":11},"15":{"loc":{"start":{"line":11,"column":1443},"end":{"line":11,"column":1482}},"type":"binary-expr","locations":[{"start":{"line":11,"column":1443},"end":{"line":11,"column":1444}},{"start":{"line":11,"column":1448},"end":{"line":11,"column":1455}},{"start":{"line":11,"column":1459},"end":{"line":11,"column":1471}},{"start":{"line":11,"column":1476},"end":{"line":11,"column":1481}}],"line":11},"16":{"loc":{"start":{"line":11,"column":1814},"end":{"line":11,"column":2152}},"type":"if","locations":[{"start":{"line":11,"column":1814},"end":{"line":11,"column":2152}},{"start":{"line":11,"column":1814},"end":{"line":11,"column":2152}}],"line":11},"17":{"loc":{"start":{"line":11,"column":1875},"end":{"line":11,"column":2149}},"type":"cond-expr","locations":[{"start":{"line":11,"column":1929},"end":{"line":11,"column":2041}},{"start":{"line":11,"column":2044},"end":{"line":11,"column":2149}}],"line":11},"18":{"loc":{"start":{"line":11,"column":1875},"end":{"line":11,"column":1926}},"type":"binary-expr","locations":[{"start":{"line":11,"column":1875},"end":{"line":11,"column":1876}},{"start":{"line":11,"column":1880},"end":{"line":11,"column":1902}},{"start":{"line":11,"column":1906},"end":{"line":11,"column":1926}}],"line":11},"19":{"loc":{"start":{"line":11,"column":2331},"end":{"line":11,"column":2428}},"type":"cond-expr","locations":[{"start":{"line":11,"column":2335},"end":{"line":11,"column":2397}},{"start":{"line":11,"column":2400},"end":{"line":11,"column":2428}}],"line":11},"20":{"loc":{"start":{"line":11,"column":2511},"end":{"line":11,"column":2572}},"type":"if","locations":[{"start":{"line":11,"column":2511},"end":{"line":11,"column":2572}},{"start":{"line":11,"column":2511},"end":{"line":11,"column":2572}}],"line":11},"21":{"loc":{"start":{"line":11,"column":2573},"end":{"line":11,"column":2648}},"type":"if","locations":[{"start":{"line":11,"column":2573},"end":{"line":11,"column":2648}},{"start":{"line":11,"column":2573},"end":{"line":11,"column":2648}}],"line":11},"22":{"loc":{"start":{"line":11,"column":2588},"end":{"line":11,"column":2615}},"type":"if","locations":[{"start":{"line":11,"column":2588},"end":{"line":11,"column":2615}},{"start":{"line":11,"column":2588},"end":{"line":11,"column":2615}}],"line":11},"23":{"loc":{"start":{"line":11,"column":2703},"end":{"line":11,"column":2792}},"type":"if","locations":[{"start":{"line":11,"column":2703},"end":{"line":11,"column":2792}},{"start":{"line":11,"column":2703},"end":{"line":11,"column":2792}}],"line":11},"24":{"loc":{"start":{"line":11,"column":2747},"end":{"line":11,"column":2790}},"type":"if","locations":[{"start":{"line":11,"column":2747},"end":{"line":11,"column":2790}},{"start":{"line":11,"column":2747},"end":{"line":11,"column":2790}}],"line":11},"25":{"loc":{"start":{"line":11,"column":2756},"end":{"line":11,"column":2778}},"type":"if","locations":[{"start":{"line":11,"column":2756},"end":{"line":11,"column":2778}},{"start":{"line":11,"column":2756},"end":{"line":11,"column":2778}}],"line":11},"26":{"loc":{"start":{"line":11,"column":2793},"end":{"line":11,"column":2995}},"type":"if","locations":[{"start":{"line":11,"column":2793},"end":{"line":11,"column":2995}},{"start":{"line":11,"column":2793},"end":{"line":11,"column":2995}}],"line":11},"27":{"loc":{"start":{"line":11,"column":2848},"end":{"line":11,"column":2995}},"type":"if","locations":[{"start":{"line":11,"column":2848},"end":{"line":11,"column":2995}},{"start":{"line":11,"column":2848},"end":{"line":11,"column":2995}}],"line":11},"28":{"loc":{"start":{"line":11,"column":2876},"end":{"line":11,"column":2908}},"type":"if","locations":[{"start":{"line":11,"column":2876},"end":{"line":11,"column":2908}},{"start":{"line":11,"column":2876},"end":{"line":11,"column":2908}}],"line":11},"29":{"loc":{"start":{"line":11,"column":2944},"end":{"line":11,"column":2994}},"type":"binary-expr","locations":[{"start":{"line":11,"column":2944},"end":{"line":11,"column":2965}},{"start":{"line":11,"column":2969},"end":{"line":11,"column":2994}}],"line":11},"30":{"loc":{"start":{"line":11,"column":3030},"end":{"line":11,"column":3144}},"type":"if","locations":[{"start":{"line":11,"column":3030},"end":{"line":11,"column":3144}},{"start":{"line":11,"column":3030},"end":{"line":11,"column":3144}}],"line":11},"31":{"loc":{"start":{"line":11,"column":3057},"end":{"line":11,"column":3103}},"type":"if","locations":[{"start":{"line":11,"column":3057},"end":{"line":11,"column":3103}},{"start":{"line":11,"column":3057},"end":{"line":11,"column":3103}}],"line":11},"32":{"loc":{"start":{"line":11,"column":3065},"end":{"line":11,"column":3079}},"type":"cond-expr","locations":[{"start":{"line":11,"column":3074},"end":{"line":11,"column":3075}},{"start":{"line":11,"column":3078},"end":{"line":11,"column":3079}}],"line":11},"33":{"loc":{"start":{"line":11,"column":3145},"end":{"line":11,"column":3209}},"type":"binary-expr","locations":[{"start":{"line":11,"column":3145},"end":{"line":11,"column":3163}},{"start":{"line":11,"column":3168},"end":{"line":11,"column":3208}}],"line":11},"34":{"loc":{"start":{"line":11,"column":3292},"end":{"line":11,"column":3576}},"type":"if","locations":[{"start":{"line":11,"column":3292},"end":{"line":11,"column":3576}},{"start":{"line":11,"column":3292},"end":{"line":11,"column":3576}}],"line":11},"35":{"loc":{"start":{"line":11,"column":3331},"end":{"line":11,"column":3572}},"type":"binary-expr","locations":[{"start":{"line":11,"column":3331},"end":{"line":11,"column":3344}},{"start":{"line":11,"column":3348},"end":{"line":11,"column":3368}},{"start":{"line":11,"column":3373},"end":{"line":11,"column":3452}},{"start":{"line":11,"column":3457},"end":{"line":11,"column":3471}},{"start":{"line":11,"column":3476},"end":{"line":11,"column":3571}}],"line":11},"36":{"loc":{"start":{"line":11,"column":3617},"end":{"line":11,"column":3704}},"type":"if","locations":[{"start":{"line":11,"column":3617},"end":{"line":11,"column":3704}},{"start":{"line":11,"column":3617},"end":{"line":11,"column":3704}}],"line":11},"37":{"loc":{"start":{"line":11,"column":3727},"end":{"line":11,"column":3974}},"type":"cond-expr","locations":[{"start":{"line":11,"column":3731},"end":{"line":11,"column":3870}},{"start":{"line":11,"column":3874},"end":{"line":11,"column":3973}}],"line":11},"38":{"loc":{"start":{"line":11,"column":3731},"end":{"line":11,"column":3870}},"type":"cond-expr","locations":[{"start":{"line":11,"column":3741},"end":{"line":11,"column":3865}},{"start":{"line":11,"column":3869},"end":{"line":11,"column":3870}}],"line":11},"39":{"loc":{"start":{"line":11,"column":3788},"end":{"line":11,"column":3843}},"type":"binary-expr","locations":[{"start":{"line":11,"column":3788},"end":{"line":11,"column":3809}},{"start":{"line":11,"column":3814},"end":{"line":11,"column":3842}}],"line":11},"40":{"loc":{"start":{"line":11,"column":4031},"end":{"line":11,"column":4060}},"type":"binary-expr","locations":[{"start":{"line":11,"column":4031},"end":{"line":11,"column":4037}},{"start":{"line":11,"column":4042},"end":{"line":11,"column":4059}}],"line":11},"41":{"loc":{"start":{"line":11,"column":4062},"end":{"line":11,"column":4112}},"type":"binary-expr","locations":[{"start":{"line":11,"column":4062},"end":{"line":11,"column":4068}},{"start":{"line":11,"column":4073},"end":{"line":11,"column":4111}}],"line":11},"42":{"loc":{"start":{"line":11,"column":4177},"end":{"line":11,"column":4195}},"type":"binary-expr","locations":[{"start":{"line":11,"column":4177},"end":{"line":11,"column":4189}},{"start":{"line":11,"column":4193},"end":{"line":11,"column":4195}}],"line":11},"43":{"loc":{"start":{"line":11,"column":4382},"end":{"line":11,"column":4703}},"type":"if","locations":[{"start":{"line":11,"column":4382},"end":{"line":11,"column":4703}},{"start":{"line":11,"column":4382},"end":{"line":11,"column":4703}}],"line":11},"44":{"loc":{"start":{"line":11,"column":4386},"end":{"line":11,"column":4399}},"type":"binary-expr","locations":[{"start":{"line":11,"column":4386},"end":{"line":11,"column":4387}},{"start":{"line":11,"column":4391},"end":{"line":11,"column":4399}}],"line":11},"45":{"loc":{"start":{"line":11,"column":4417},"end":{"line":11,"column":4441}},"type":"if","locations":[{"start":{"line":11,"column":4417},"end":{"line":11,"column":4441}},{"start":{"line":11,"column":4417},"end":{"line":11,"column":4441}}],"line":11},"46":{"loc":{"start":{"line":11,"column":4442},"end":{"line":11,"column":4484}},"type":"if","locations":[{"start":{"line":11,"column":4442},"end":{"line":11,"column":4484}},{"start":{"line":11,"column":4442},"end":{"line":11,"column":4484}}],"line":11},"47":{"loc":{"start":{"line":11,"column":4485},"end":{"line":11,"column":4701}},"type":"if","locations":[{"start":{"line":11,"column":4485},"end":{"line":11,"column":4701}},{"start":{"line":11,"column":4485},"end":{"line":11,"column":4701}}],"line":11},"48":{"loc":{"start":{"line":11,"column":4567},"end":{"line":11,"column":4632}},"type":"if","locations":[{"start":{"line":11,"column":4567},"end":{"line":11,"column":4632}},{"start":{"line":11,"column":4567},"end":{"line":11,"column":4632}}],"line":11},"49":{"loc":{"start":{"line":11,"column":5136},"end":{"line":11,"column":5175}},"type":"binary-expr","locations":[{"start":{"line":11,"column":5136},"end":{"line":11,"column":5158}},{"start":{"line":11,"column":5162},"end":{"line":11,"column":5175}}],"line":11},"50":{"loc":{"start":{"line":11,"column":5184},"end":{"line":11,"column":5269}},"type":"binary-expr","locations":[{"start":{"line":11,"column":5184},"end":{"line":11,"column":5187}},{"start":{"line":11,"column":5192},"end":{"line":11,"column":5215}},{"start":{"line":11,"column":5219},"end":{"line":11,"column":5268}}],"line":11},"51":{"loc":{"start":{"line":11,"column":5244},"end":{"line":11,"column":5267}},"type":"binary-expr","locations":[{"start":{"line":11,"column":5244},"end":{"line":11,"column":5257}},{"start":{"line":11,"column":5261},"end":{"line":11,"column":5267}}],"line":11},"52":{"loc":{"start":{"line":11,"column":5305},"end":{"line":11,"column":5461}},"type":"cond-expr","locations":[{"start":{"line":11,"column":5329},"end":{"line":11,"column":5381}},{"start":{"line":11,"column":5385},"end":{"line":11,"column":5460}}],"line":11},"53":{"loc":{"start":{"line":11,"column":5736},"end":{"line":11,"column":5765}},"type":"binary-expr","locations":[{"start":{"line":11,"column":5736},"end":{"line":11,"column":5748}},{"start":{"line":11,"column":5753},"end":{"line":11,"column":5764}}],"line":11},"54":{"loc":{"start":{"line":11,"column":5822},"end":{"line":11,"column":5920}},"type":"cond-expr","locations":[{"start":{"line":11,"column":5849},"end":{"line":11,"column":5850}},{"start":{"line":11,"column":5853},"end":{"line":11,"column":5920}}],"line":11},"55":{"loc":{"start":{"line":11,"column":5889},"end":{"line":11,"column":5916}},"type":"cond-expr","locations":[{"start":{"line":11,"column":5898},"end":{"line":11,"column":5905}},{"start":{"line":11,"column":5908},"end":{"line":11,"column":5916}}],"line":11},"56":{"loc":{"start":{"line":11,"column":6245},"end":{"line":11,"column":6301}},"type":"if","locations":[{"start":{"line":11,"column":6245},"end":{"line":11,"column":6301}},{"start":{"line":11,"column":6245},"end":{"line":11,"column":6301}}],"line":11},"57":{"loc":{"start":{"line":11,"column":6429},"end":{"line":11,"column":6708}},"type":"if","locations":[{"start":{"line":11,"column":6429},"end":{"line":11,"column":6708}},{"start":{"line":11,"column":6429},"end":{"line":11,"column":6708}}],"line":11},"58":{"loc":{"start":{"line":11,"column":6629},"end":{"line":11,"column":6707}},"type":"binary-expr","locations":[{"start":{"line":11,"column":6629},"end":{"line":11,"column":6648}},{"start":{"line":11,"column":6652},"end":{"line":11,"column":6667}},{"start":{"line":11,"column":6671},"end":{"line":11,"column":6690}},{"start":{"line":11,"column":6695},"end":{"line":11,"column":6706}}],"line":11},"59":{"loc":{"start":{"line":11,"column":6791},"end":{"line":11,"column":6827}},"type":"if","locations":[{"start":{"line":11,"column":6791},"end":{"line":11,"column":6827}},{"start":{"line":11,"column":6791},"end":{"line":11,"column":6827}}],"line":11},"60":{"loc":{"start":{"line":11,"column":6900},"end":{"line":11,"column":6923}},"type":"if","locations":[{"start":{"line":11,"column":6900},"end":{"line":11,"column":6923}},{"start":{"line":11,"column":6900},"end":{"line":11,"column":6923}}],"line":11},"61":{"loc":{"start":{"line":11,"column":7010},"end":{"line":11,"column":7045}},"type":"binary-expr","locations":[{"start":{"line":11,"column":7010},"end":{"line":11,"column":7011}},{"start":{"line":11,"column":7016},"end":{"line":11,"column":7044}}],"line":11},"62":{"loc":{"start":{"line":11,"column":7156},"end":{"line":11,"column":7202}},"type":"if","locations":[{"start":{"line":11,"column":7156},"end":{"line":11,"column":7202}},{"start":{"line":11,"column":7156},"end":{"line":11,"column":7202}}],"line":11},"63":{"loc":{"start":{"line":11,"column":7203},"end":{"line":11,"column":7637}},"type":"if","locations":[{"start":{"line":11,"column":7203},"end":{"line":11,"column":7637}},{"start":{"line":11,"column":7203},"end":{"line":11,"column":7637}}],"line":11},"64":{"loc":{"start":{"line":11,"column":7292},"end":{"line":11,"column":7635}},"type":"if","locations":[{"start":{"line":11,"column":7292},"end":{"line":11,"column":7635}},{"start":{"line":11,"column":7292},"end":{"line":11,"column":7635}}],"line":11},"65":{"loc":{"start":{"line":11,"column":7296},"end":{"line":11,"column":7302}},"type":"binary-expr","locations":[{"start":{"line":11,"column":7296},"end":{"line":11,"column":7297}},{"start":{"line":11,"column":7301},"end":{"line":11,"column":7302}}],"line":11},"66":{"loc":{"start":{"line":11,"column":7306},"end":{"line":11,"column":7364}},"type":"if","locations":[{"start":{"line":11,"column":7306},"end":{"line":11,"column":7364}},{"start":{"line":11,"column":7306},"end":{"line":11,"column":7364}}],"line":11},"67":{"loc":{"start":{"line":11,"column":7365},"end":{"line":11,"column":7423}},"type":"if","locations":[{"start":{"line":11,"column":7365},"end":{"line":11,"column":7423}},{"start":{"line":11,"column":7365},"end":{"line":11,"column":7423}}],"line":11},"68":{"loc":{"start":{"line":11,"column":7431},"end":{"line":11,"column":7635}},"type":"if","locations":[{"start":{"line":11,"column":7431},"end":{"line":11,"column":7635}},{"start":{"line":11,"column":7431},"end":{"line":11,"column":7635}}],"line":11},"69":{"loc":{"start":{"line":11,"column":7440},"end":{"line":11,"column":7498}},"type":"if","locations":[{"start":{"line":11,"column":7440},"end":{"line":11,"column":7498}},{"start":{"line":11,"column":7440},"end":{"line":11,"column":7498}}],"line":11},"70":{"loc":{"start":{"line":11,"column":7508},"end":{"line":11,"column":7574}},"type":"if","locations":[{"start":{"line":11,"column":7508},"end":{"line":11,"column":7574}},{"start":{"line":11,"column":7508},"end":{"line":11,"column":7574}}],"line":11},"71":{"loc":{"start":{"line":11,"column":7575},"end":{"line":11,"column":7633}},"type":"if","locations":[{"start":{"line":11,"column":7575},"end":{"line":11,"column":7633}},{"start":{"line":11,"column":7575},"end":{"line":11,"column":7633}}],"line":11},"72":{"loc":{"start":{"line":11,"column":7759},"end":{"line":11,"column":7862}},"type":"if","locations":[{"start":{"line":11,"column":7759},"end":{"line":11,"column":7862}},{"start":{"line":11,"column":7759},"end":{"line":11,"column":7862}}],"line":11},"73":{"loc":{"start":{"line":11,"column":7763},"end":{"line":11,"column":7839}},"type":"binary-expr","locations":[{"start":{"line":11,"column":7763},"end":{"line":11,"column":7784}},{"start":{"line":11,"column":7788},"end":{"line":11,"column":7811}},{"start":{"line":11,"column":7815},"end":{"line":11,"column":7839}}],"line":11},"74":{"loc":{"start":{"line":11,"column":7865},"end":{"line":11,"column":7957}},"type":"binary-expr","locations":[{"start":{"line":11,"column":7865},"end":{"line":11,"column":7866}},{"start":{"line":11,"column":7871},"end":{"line":11,"column":7884}},{"start":{"line":11,"column":7888},"end":{"line":11,"column":7904}},{"start":{"line":11,"column":7909},"end":{"line":11,"column":7922}},{"start":{"line":11,"column":7926},"end":{"line":11,"column":7943}},{"start":{"line":11,"column":7948},"end":{"line":11,"column":7956}}],"line":11},"75":{"loc":{"start":{"line":11,"column":7967},"end":{"line":11,"column":7988}},"type":"cond-expr","locations":[{"start":{"line":11,"column":7971},"end":{"line":11,"column":7983}},{"start":{"line":11,"column":7986},"end":{"line":11,"column":7988}}],"line":11},"76":{"loc":{"start":{"line":11,"column":8020},"end":{"line":11,"column":8094}},"type":"cond-expr","locations":[{"start":{"line":11,"column":8025},"end":{"line":11,"column":8074}},{"start":{"line":11,"column":8078},"end":{"line":11,"column":8094}}],"line":11},"77":{"loc":{"start":{"line":11,"column":8135},"end":{"line":11,"column":8171}},"type":"if","locations":[{"start":{"line":11,"column":8135},"end":{"line":11,"column":8171}},{"start":{"line":11,"column":8135},"end":{"line":11,"column":8171}}],"line":11},"78":{"loc":{"start":{"line":11,"column":8179},"end":{"line":11,"column":8386}},"type":"cond-expr","locations":[{"start":{"line":11,"column":8225},"end":{"line":11,"column":8242}},{"start":{"line":11,"column":8245},"end":{"line":11,"column":8386}}],"line":11},"79":{"loc":{"start":{"line":11,"column":8179},"end":{"line":11,"column":8222}},"type":"binary-expr","locations":[{"start":{"line":11,"column":8179},"end":{"line":11,"column":8197}},{"start":{"line":11,"column":8201},"end":{"line":11,"column":8222}}],"line":11},"80":{"loc":{"start":{"line":11,"column":8245},"end":{"line":11,"column":8386}},"type":"cond-expr","locations":[{"start":{"line":11,"column":8268},"end":{"line":11,"column":8339}},{"start":{"line":11,"column":8343},"end":{"line":11,"column":8386}}],"line":11},"81":{"loc":{"start":{"line":11,"column":8343},"end":{"line":11,"column":8386}},"type":"binary-expr","locations":[{"start":{"line":11,"column":8343},"end":{"line":11,"column":8362}},{"start":{"line":11,"column":8366},"end":{"line":11,"column":8367}},{"start":{"line":11,"column":8372},"end":{"line":11,"column":8385}}],"line":11},"82":{"loc":{"start":{"line":11,"column":8507},"end":{"line":11,"column":8599}},"type":"if","locations":[{"start":{"line":11,"column":8507},"end":{"line":11,"column":8599}},{"start":{"line":11,"column":8507},"end":{"line":11,"column":8599}}],"line":11},"83":{"loc":{"start":{"line":11,"column":8719},"end":{"line":11,"column":8835}},"type":"if","locations":[{"start":{"line":11,"column":8719},"end":{"line":11,"column":8835}},{"start":{"line":11,"column":8719},"end":{"line":11,"column":8835}}],"line":11},"84":{"loc":{"start":{"line":11,"column":8763},"end":{"line":11,"column":8823}},"type":"if","locations":[{"start":{"line":11,"column":8763},"end":{"line":11,"column":8823}},{"start":{"line":11,"column":8763},"end":{"line":11,"column":8823}}],"line":11},"85":{"loc":{"start":{"line":11,"column":9007},"end":{"line":11,"column":9047}},"type":"binary-expr","locations":[{"start":{"line":11,"column":9007},"end":{"line":11,"column":9029}},{"start":{"line":11,"column":9034},"end":{"line":11,"column":9046}}],"line":11},"86":{"loc":{"start":{"line":12,"column":176},"end":{"line":12,"column":263}},"type":"if","locations":[{"start":{"line":12,"column":176},"end":{"line":12,"column":263}},{"start":{"line":12,"column":176},"end":{"line":12,"column":263}}],"line":12},"87":{"loc":{"start":{"line":29,"column":16},"end":{"line":38,"column":7}},"type":"switch","locations":[{"start":{"line":30,"column":8},"end":{"line":32,"column":66}},{"start":{"line":33,"column":8},"end":{"line":34,"column":58}},{"start":{"line":35,"column":8},"end":{"line":35,"column":15}},{"start":{"line":36,"column":8},"end":{"line":37,"column":33}}],"line":29},"88":{"loc":{"start":{"line":54,"column":16},"end":{"line":83,"column":7}},"type":"switch","locations":[{"start":{"line":55,"column":8},"end":{"line":64,"column":68}},{"start":{"line":65,"column":8},"end":{"line":70,"column":16}},{"start":{"line":71,"column":8},"end":{"line":74,"column":29}},{"start":{"line":75,"column":8},"end":{"line":77,"column":16}},{"start":{"line":78,"column":8},"end":{"line":79,"column":17}},{"start":{"line":80,"column":8},"end":{"line":80,"column":16}},{"start":{"line":81,"column":8},"end":{"line":82,"column":34}}],"line":54},"89":{"loc":{"start":{"line":58,"column":10},"end":{"line":61,"column":11}},"type":"if","locations":[{"start":{"line":58,"column":10},"end":{"line":61,"column":11}},{"start":{"line":58,"column":10},"end":{"line":61,"column":11}}],"line":58},"90":{"loc":{"start":{"line":58,"column":16},"end":{"line":58,"column":57}},"type":"binary-expr","locations":[{"start":{"line":58,"column":16},"end":{"line":58,"column":43}},{"start":{"line":58,"column":47},"end":{"line":58,"column":57}}],"line":58}},"s":{"0":0,"1":0,"2":0,"3":1,"4":1,"5":1,"6":1,"7":2,"8":1,"9":42,"10":1,"11":1,"12":1,"13":1,"14":0,"15":1,"16":1,"17":1,"18":1,"19":13,"20":1,"21":1,"22":0,"23":0,"24":41,"25":41,"26":41,"27":41,"28":92,"29":92,"30":0,"31":1,"32":1,"33":1,"34":1,"35":1,"36":1,"37":1,"38":1,"39":0,"40":1,"41":1,"42":1,"43":1,"44":2,"45":6,"46":82,"47":0,"48":0,"49":0,"50":0,"51":0,"52":0,"53":0,"54":0,"55":0,"56":0,"57":0,"58":0,"59":0,"60":0,"61":41,"62":41,"63":82,"64":0,"65":82,"66":0,"67":0,"68":0,"69":82,"70":92,"71":92,"72":0,"73":0,"74":0,"75":0,"76":0,"77":92,"78":82,"79":10,"80":0,"81":0,"82":0,"83":10,"84":92,"85":92,"86":92,"87":92,"88":10,"89":82,"90":0,"91":0,"92":0,"93":0,"94":0,"95":0,"96":0,"97":0,"98":0,"99":0,"100":31,"101":31,"102":72,"103":72,"104":41,"105":1,"106":1,"107":1,"108":1,"109":0,"110":0,"111":0,"112":0,"113":0,"114":0,"115":0,"116":0,"117":0,"118":0,"119":0,"120":1,"121":0,"122":0,"123":2,"124":0,"125":0,"126":0,"127":0,"128":0,"129":0,"130":0,"131":0,"132":0,"133":0,"134":0,"135":0,"136":0,"137":0,"138":0,"139":0,"140":0,"141":0,"142":41,"143":0,"144":0,"145":41,"146":41,"147":41,"148":0,"149":41,"150":0,"151":0,"152":0,"153":0,"154":0,"155":0,"156":0,"157":0,"158":0,"159":0,"160":0,"161":0,"162":0,"163":0,"164":0,"165":0,"166":0,"167":0,"168":0,"169":0,"170":0,"171":0,"172":0,"173":0,"174":0,"175":20,"176":20,"177":20,"178":20,"179":0,"180":0,"181":20,"182":20,"183":20,"184":20,"185":0,"186":20,"187":0,"188":0,"189":0,"190":0,"191":0,"192":0,"193":0,"194":0,"195":0,"196":0,"197":0,"198":0,"199":0,"200":0,"201":0,"202":0,"203":82,"204":82,"205":82,"206":0,"207":0,"208":82,"209":41,"210":41,"211":2,"212":41,"213":41,"214":41,"215":41,"216":82,"217":0,"218":41,"219":1,"220":1,"221":1,"222":1,"223":10,"224":30,"225":30,"226":10,"227":10,"228":10,"229":10,"230":1,"231":10,"232":1,"233":15,"234":1,"235":1,"236":31,"237":62,"238":124,"239":31,"240":31,"241":0,"242":0,"243":31,"244":31,"245":31,"246":31,"247":31,"248":31,"249":31,"250":31,"251":0,"252":0,"253":0,"254":31,"255":31,"256":0,"257":31,"258":1,"259":31,"260":1},"f":{"0":0,"1":0,"2":0,"3":2,"4":1,"5":42,"6":0,"7":13,"8":0,"9":41,"10":92,"11":0,"12":0,"13":0,"14":0,"15":2,"16":6,"17":82,"18":0,"19":0,"20":0,"21":0,"22":0,"23":0,"24":0,"25":0,"26":0,"27":41,"28":82,"29":0,"30":31,"31":72,"32":41,"33":1,"34":0,"35":0,"36":2,"37":0,"38":0,"39":0,"40":0,"41":0,"42":0,"43":0,"44":0,"45":41,"46":41,"47":0,"48":0,"49":20,"50":20,"51":0,"52":0,"53":0,"54":82,"55":2,"56":41,"57":41,"58":82,"59":0,"60":1,"61":10,"62":30,"63":10,"64":15,"65":1,"66":31,"67":62,"68":31},"b":{"0":[0,0],"1":[0,0],"2":[0,0],"3":[0,0,0,0],"4":[0,2],"5":[2,2],"6":[1,0],"7":[1,0],"8":[1,0],"9":[1,0],"10":[1,0],"11":[41,0],"12":[41,41],"13":[41,10],"14":[1,1],"15":[1,1,1,1],"16":[0,0],"17":[0,0],"18":[0,0,0],"19":[0,0],"20":[0,82],"21":[0,82],"22":[0,0],"23":[0,92],"24":[0,0],"25":[0,0],"26":[82,10],"27":[0,10],"28":[0,0],"29":[10,10],"30":[92,0],"31":[10,82],"32":[41,51],"33":[0,0],"34":[0,0],"35":[0,0,0,0,0],"36":[0,0],"37":[0,0],"38":[0,0],"39":[0,0],"40":[31,31],"41":[31,0],"42":[72,72],"43":[1,0],"44":[1,0],"45":[1,0],"46":[0,0],"47":[0,0],"48":[0,0],"49":[0,0],"50":[0,0,0],"51":[0,0],"52":[2,0],"53":[0,0],"54":[0,0],"55":[0,0],"56":[0,0],"57":[0,41],"58":[0,0,0,0],"59":[0,41],"60":[0,0],"61":[0,0],"62":[0,0],"63":[0,0],"64":[0,0],"65":[0,0],"66":[0,0],"67":[0,0],"68":[0,0],"69":[0,0],"70":[0,0],"71":[0,0],"72":[0,20],"73":[20,0,0],"74":[20,0,0,0,0,0],"75":[0,20],"76":[0,20],"77":[0,20],"78":[0,20],"79":[20,20],"80":[20,0],"81":[0,0,0],"82":[0,0],"83":[0,0],"84":[0,0],"85":[0,0],"86":[41,41],"87":[10,10,0,10],"88":[31,31,0,31,0,31,31],"89":[0,31],"90":[31,0]},"inputSourceMap":{"version":3,"names":["_mongoose","_interopRequireDefault","require","_bcrypt","obj","__esModule","_regeneratorRuntime","e","t","r","Object","prototype","n","hasOwnProperty","o","defineProperty","value","i","Symbol","a","iterator","c","asyncIterator","u","toStringTag","define","enumerable","configurable","writable","wrap","Generator","create","Context","makeInvokeMethod","tryCatch","type","arg","call","h","l","f","s","y","GeneratorFunction","GeneratorFunctionPrototype","p","d","getPrototypeOf","v","values","g","defineIteratorMethods","forEach","_invoke","AsyncIterator","invoke","_typeof","resolve","__await","then","callInvokeWithMethodAndArg","Error","done","method","delegate","maybeInvokeDelegate","sent","_sent","dispatchException","abrupt","TypeError","resultName","next","nextLoc","pushTryEntry","tryLoc","catchLoc","finallyLoc","afterLoc","tryEntries","push","resetTryEntry","completion","reset","isNaN","length","displayName","isGeneratorFunction","constructor","name","mark","setPrototypeOf","__proto__","awrap","async","Promise","keys","reverse","pop","prev","charAt","slice","stop","rval","handle","complete","finish","_catch","delegateYield","asyncGeneratorStep","gen","reject","_next","_throw","key","info","error","_asyncToGenerator","fn","self","args","arguments","apply","err","undefined","Schema","mongoose","UserSchema","username","String","unique","required","password","methods","comparePassword","_ref","_callee","passw","_callee$","_context","bcrypt","compare","_x","statics","findByUserName","findOne","pre","_ref2","_callee2","saltRounds","hash","_callee2$","_context2","isModified","isNew","t0","_x2","_default","exports","model"],"sourceRoot":"D:\\SETU\\Agile Software\\movies-api-cicd-lab\\api\\users\\","sources":["userModel.js"],"sourcesContent":["import mongoose from \"mongoose\";\r\nimport bcrypt from \"bcrypt\";\r\nconst Schema = mongoose.Schema;\r\n\r\nconst UserSchema = new Schema({\r\n  username: { type: String, unique: true, required: true },\r\n  password: { type: String, required: true },\r\n});\r\n\r\nUserSchema.methods.comparePassword = async function (passw) {\r\n  return await bcrypt.compare(passw, this.password);\r\n};\r\n\r\nUserSchema.statics.findByUserName = function (username) {\r\n  return this.findOne({ username: username });\r\n};\r\n\r\nUserSchema.pre(\"save\", async function (next) {\r\n  const saltRounds = 10; // You can adjust the number of salt rounds\r\n  //const user = this;\r\n  if (this.isModified(\"password\") || this.isNew) {\r\n    try {\r\n      const hash = await bcrypt.hash(this.password, saltRounds);\r\n      this.password = hash;\r\n      next();\r\n    } catch (error) {\r\n      next(error);\r\n    }\r\n  } else {\r\n    next();\r\n  }\r\n});\r\nexport default mongoose.model(\"User\", UserSchema);\r\n"],"mappings":";;;;;;;AAAA,IAAAA,SAAA,GAAAC,sBAAA,CAAAC,OAAA;AACA,IAAAC,OAAA,GAAAF,sBAAA,CAAAC,OAAA;AAA4B,SAAAD,uBAAAG,GAAA,WAAAA,GAAA,IAAAA,GAAA,CAAAC,UAAA,GAAAD,GAAA,gBAAAA,GAAA;AAAA,SAAAE,oBAAA,kBAA5B,qJAAAA,mBAAA,YAAAA,oBAAA,WAAAC,CAAA,SAAAC,CAAA,EAAAD,CAAA,OAAAE,CAAA,GAAAC,MAAA,CAAAC,SAAA,EAAAC,CAAA,GAAAH,CAAA,CAAAI,cAAA,EAAAC,CAAA,GAAAJ,MAAA,CAAAK,cAAA,cAAAP,CAAA,EAAAD,CAAA,EAAAE,CAAA,IAAAD,CAAA,CAAAD,CAAA,IAAAE,CAAA,CAAAO,KAAA,KAAAC,CAAA,wBAAAC,MAAA,GAAAA,MAAA,OAAAC,CAAA,GAAAF,CAAA,CAAAG,QAAA,kBAAAC,CAAA,GAAAJ,CAAA,CAAAK,aAAA,uBAAAC,CAAA,GAAAN,CAAA,CAAAO,WAAA,8BAAAC,OAAAjB,CAAA,EAAAD,CAAA,EAAAE,CAAA,WAAAC,MAAA,CAAAK,cAAA,CAAAP,CAAA,EAAAD,CAAA,IAAAS,KAAA,EAAAP,CAAA,EAAAiB,UAAA,MAAAC,YAAA,MAAAC,QAAA,SAAApB,CAAA,CAAAD,CAAA,WAAAkB,MAAA,mBAAAjB,CAAA,IAAAiB,MAAA,YAAAA,OAAAjB,CAAA,EAAAD,CAAA,EAAAE,CAAA,WAAAD,CAAA,CAAAD,CAAA,IAAAE,CAAA,gBAAAoB,KAAArB,CAAA,EAAAD,CAAA,EAAAE,CAAA,EAAAG,CAAA,QAAAK,CAAA,GAAAV,CAAA,IAAAA,CAAA,CAAAI,SAAA,YAAAmB,SAAA,GAAAvB,CAAA,GAAAuB,SAAA,EAAAX,CAAA,GAAAT,MAAA,CAAAqB,MAAA,CAAAd,CAAA,CAAAN,SAAA,GAAAU,CAAA,OAAAW,OAAA,CAAApB,CAAA,gBAAAE,CAAA,CAAAK,CAAA,eAAAH,KAAA,EAAAiB,gBAAA,CAAAzB,CAAA,EAAAC,CAAA,EAAAY,CAAA,MAAAF,CAAA,aAAAe,SAAA1B,CAAA,EAAAD,CAAA,EAAAE,CAAA,mBAAA0B,IAAA,YAAAC,GAAA,EAAA5B,CAAA,CAAA6B,IAAA,CAAA9B,CAAA,EAAAE,CAAA,cAAAD,CAAA,aAAA2B,IAAA,WAAAC,GAAA,EAAA5B,CAAA,QAAAD,CAAA,CAAAsB,IAAA,GAAAA,IAAA,MAAAS,CAAA,qBAAAC,CAAA,qBAAAC,CAAA,gBAAAC,CAAA,gBAAAC,CAAA,gBAAAZ,UAAA,cAAAa,kBAAA,cAAAC,2BAAA,SAAAC,CAAA,OAAApB,MAAA,CAAAoB,CAAA,EAAA1B,CAAA,qCAAA2B,CAAA,GAAApC,MAAA,CAAAqC,cAAA,EAAAC,CAAA,GAAAF,CAAA,IAAAA,CAAA,CAAAA,CAAA,CAAAG,MAAA,QAAAD,CAAA,IAAAA,CAAA,KAAAvC,CAAA,IAAAG,CAAA,CAAAyB,IAAA,CAAAW,CAAA,EAAA7B,CAAA,MAAA0B,CAAA,GAAAG,CAAA,OAAAE,CAAA,GAAAN,0BAAA,CAAAjC,SAAA,GAAAmB,SAAA,CAAAnB,SAAA,GAAAD,MAAA,CAAAqB,MAAA,CAAAc,CAAA,YAAAM,sBAAA3C,CAAA,gCAAA4C,OAAA,WAAA7C,CAAA,IAAAkB,MAAA,CAAAjB,CAAA,EAAAD,CAAA,YAAAC,CAAA,gBAAA6C,OAAA,CAAA9C,CAAA,EAAAC,CAAA,sBAAA8C,cAAA9C,CAAA,EAAAD,CAAA,aAAAgD,OAAA9C,CAAA,EAAAK,CAAA,EAAAG,CAAA,EAAAE,CAAA,QAAAE,CAAA,GAAAa,QAAA,CAAA1B,CAAA,CAAAC,CAAA,GAAAD,CAAA,EAAAM,CAAA,mBAAAO,CAAA,CAAAc,IAAA,QAAAZ,CAAA,GAAAF,CAAA,CAAAe,GAAA,EAAAE,CAAA,GAAAf,CAAA,CAAAP,KAAA,SAAAsB,CAAA,gBAAAkB,OAAA,CAAAlB,CAAA,KAAA1B,CAAA,CAAAyB,IAAA,CAAAC,CAAA,eAAA/B,CAAA,CAAAkD,OAAA,CAAAnB,CAAA,CAAAoB,OAAA,EAAAC,IAAA,WAAAnD,CAAA,IAAA+C,MAAA,SAAA/C,CAAA,EAAAS,CAAA,EAAAE,CAAA,gBAAAX,CAAA,IAAA+C,MAAA,UAAA/C,CAAA,EAAAS,CAAA,EAAAE,CAAA,QAAAZ,CAAA,CAAAkD,OAAA,CAAAnB,CAAA,EAAAqB,IAAA,WAAAnD,CAAA,IAAAe,CAAA,CAAAP,KAAA,GAAAR,CAAA,EAAAS,CAAA,CAAAM,CAAA,gBAAAf,CAAA,WAAA+C,MAAA,UAAA/C,CAAA,EAAAS,CAAA,EAAAE,CAAA,SAAAA,CAAA,CAAAE,CAAA,CAAAe,GAAA,SAAA3B,CAAA,EAAAK,CAAA,oBAAAE,KAAA,WAAAA,MAAAR,CAAA,EAAAI,CAAA,aAAAgD,2BAAA,eAAArD,CAAA,WAAAA,CAAA,EAAAE,CAAA,IAAA8C,MAAA,CAAA/C,CAAA,EAAAI,CAAA,EAAAL,CAAA,EAAAE,CAAA,gBAAAA,CAAA,GAAAA,CAAA,GAAAA,CAAA,CAAAkD,IAAA,CAAAC,0BAAA,EAAAA,0BAAA,IAAAA,0BAAA,qBAAA3B,iBAAA1B,CAAA,EAAAE,CAAA,EAAAG,CAAA,QAAAE,CAAA,GAAAwB,CAAA,mBAAArB,CAAA,EAAAE,CAAA,QAAAL,CAAA,KAAA0B,CAAA,YAAAqB,KAAA,sCAAA/C,CAAA,KAAA2B,CAAA,oBAAAxB,CAAA,QAAAE,CAAA,WAAAH,KAAA,EAAAR,CAAA,EAAAsD,IAAA,eAAAlD,CAAA,CAAAmD,MAAA,GAAA9C,CAAA,EAAAL,CAAA,CAAAwB,GAAA,GAAAjB,CAAA,UAAAE,CAAA,GAAAT,CAAA,CAAAoD,QAAA,MAAA3C,CAAA,QAAAE,CAAA,GAAA0C,mBAAA,CAAA5C,CAAA,EAAAT,CAAA,OAAAW,CAAA,QAAAA,CAAA,KAAAmB,CAAA,mBAAAnB,CAAA,qBAAAX,CAAA,CAAAmD,MAAA,EAAAnD,CAAA,CAAAsD,IAAA,GAAAtD,CAAA,CAAAuD,KAAA,GAAAvD,CAAA,CAAAwB,GAAA,sBAAAxB,CAAA,CAAAmD,MAAA,QAAAjD,CAAA,KAAAwB,CAAA,QAAAxB,CAAA,GAAA2B,CAAA,EAAA7B,CAAA,CAAAwB,GAAA,EAAAxB,CAAA,CAAAwD,iBAAA,CAAAxD,CAAA,CAAAwB,GAAA,uBAAAxB,CAAA,CAAAmD,MAAA,IAAAnD,CAAA,CAAAyD,MAAA,WAAAzD,CAAA,CAAAwB,GAAA,GAAAtB,CAAA,GAAA0B,CAAA,MAAAK,CAAA,GAAAX,QAAA,CAAA3B,CAAA,EAAAE,CAAA,EAAAG,CAAA,oBAAAiC,CAAA,CAAAV,IAAA,QAAArB,CAAA,GAAAF,CAAA,CAAAkD,IAAA,GAAArB,CAAA,GAAAF,CAAA,EAAAM,CAAA,CAAAT,GAAA,KAAAM,CAAA,qBAAA1B,KAAA,EAAA6B,CAAA,CAAAT,GAAA,EAAA0B,IAAA,EAAAlD,CAAA,CAAAkD,IAAA,kBAAAjB,CAAA,CAAAV,IAAA,KAAArB,CAAA,GAAA2B,CAAA,EAAA7B,CAAA,CAAAmD,MAAA,YAAAnD,CAAA,CAAAwB,GAAA,GAAAS,CAAA,CAAAT,GAAA,mBAAA6B,oBAAA1D,CAAA,EAAAE,CAAA,QAAAG,CAAA,GAAAH,CAAA,CAAAsD,MAAA,EAAAjD,CAAA,GAAAP,CAAA,CAAAa,QAAA,CAAAR,CAAA,OAAAE,CAAA,KAAAN,CAAA,SAAAC,CAAA,CAAAuD,QAAA,qBAAApD,CAAA,IAAAL,CAAA,CAAAa,QAAA,eAAAX,CAAA,CAAAsD,MAAA,aAAAtD,CAAA,CAAA2B,GAAA,GAAA5B,CAAA,EAAAyD,mBAAA,CAAA1D,CAAA,EAAAE,CAAA,eAAAA,CAAA,CAAAsD,MAAA,kBAAAnD,CAAA,KAAAH,CAAA,CAAAsD,MAAA,YAAAtD,CAAA,CAAA2B,GAAA,OAAAkC,SAAA,uCAAA1D,CAAA,iBAAA8B,CAAA,MAAAzB,CAAA,GAAAiB,QAAA,CAAApB,CAAA,EAAAP,CAAA,CAAAa,QAAA,EAAAX,CAAA,CAAA2B,GAAA,mBAAAnB,CAAA,CAAAkB,IAAA,SAAA1B,CAAA,CAAAsD,MAAA,YAAAtD,CAAA,CAAA2B,GAAA,GAAAnB,CAAA,CAAAmB,GAAA,EAAA3B,CAAA,CAAAuD,QAAA,SAAAtB,CAAA,MAAAvB,CAAA,GAAAF,CAAA,CAAAmB,GAAA,SAAAjB,CAAA,GAAAA,CAAA,CAAA2C,IAAA,IAAArD,CAAA,CAAAF,CAAA,CAAAgE,UAAA,IAAApD,CAAA,CAAAH,KAAA,EAAAP,CAAA,CAAA+D,IAAA,GAAAjE,CAAA,CAAAkE,OAAA,eAAAhE,CAAA,CAAAsD,MAAA,KAAAtD,CAAA,CAAAsD,MAAA,WAAAtD,CAAA,CAAA2B,GAAA,GAAA5B,CAAA,GAAAC,CAAA,CAAAuD,QAAA,SAAAtB,CAAA,IAAAvB,CAAA,IAAAV,CAAA,CAAAsD,MAAA,YAAAtD,CAAA,CAAA2B,GAAA,OAAAkC,SAAA,sCAAA7D,CAAA,CAAAuD,QAAA,SAAAtB,CAAA,cAAAgC,aAAAlE,CAAA,QAAAD,CAAA,KAAAoE,MAAA,EAAAnE,CAAA,YAAAA,CAAA,KAAAD,CAAA,CAAAqE,QAAA,GAAApE,CAAA,WAAAA,CAAA,KAAAD,CAAA,CAAAsE,UAAA,GAAArE,CAAA,KAAAD,CAAA,CAAAuE,QAAA,GAAAtE,CAAA,WAAAuE,UAAA,CAAAC,IAAA,CAAAzE,CAAA,cAAA0E,cAAAzE,CAAA,QAAAD,CAAA,GAAAC,CAAA,CAAA0E,UAAA,QAAA3E,CAAA,CAAA4B,IAAA,oBAAA5B,CAAA,CAAA6B,GAAA,EAAA5B,CAAA,CAAA0E,UAAA,GAAA3E,CAAA,aAAAyB,QAAAxB,CAAA,SAAAuE,UAAA,MAAAJ,MAAA,aAAAnE,CAAA,CAAA4C,OAAA,CAAAsB,YAAA,cAAAS,KAAA,iBAAAlC,OAAA1C,CAAA,QAAAA,CAAA,WAAAA,CAAA,QAAAE,CAAA,GAAAF,CAAA,CAAAY,CAAA,OAAAV,CAAA,SAAAA,CAAA,CAAA4B,IAAA,CAAA9B,CAAA,4BAAAA,CAAA,CAAAiE,IAAA,SAAAjE,CAAA,OAAA6E,KAAA,CAAA7E,CAAA,CAAA8E,MAAA,SAAAvE,CAAA,OAAAG,CAAA,YAAAuD,KAAA,aAAA1D,CAAA,GAAAP,CAAA,CAAA8E,MAAA,OAAAzE,CAAA,CAAAyB,IAAA,CAAA9B,CAAA,EAAAO,CAAA,UAAA0D,IAAA,CAAAxD,KAAA,GAAAT,CAAA,CAAAO,CAAA,GAAA0D,IAAA,CAAAV,IAAA,OAAAU,IAAA,SAAAA,IAAA,CAAAxD,KAAA,GAAAR,CAAA,EAAAgE,IAAA,CAAAV,IAAA,OAAAU,IAAA,YAAAvD,CAAA,CAAAuD,IAAA,GAAAvD,CAAA,gBAAAqD,SAAA,CAAAd,OAAA,CAAAjD,CAAA,kCAAAoC,iBAAA,CAAAhC,SAAA,GAAAiC,0BAAA,EAAA9B,CAAA,CAAAoC,CAAA,mBAAAlC,KAAA,EAAA4B,0BAAA,EAAAjB,YAAA,SAAAb,CAAA,CAAA8B,0BAAA,mBAAA5B,KAAA,EAAA2B,iBAAA,EAAAhB,YAAA,SAAAgB,iBAAA,CAAA2C,WAAA,GAAA7D,MAAA,CAAAmB,0BAAA,EAAArB,CAAA,wBAAAhB,CAAA,CAAAgF,mBAAA,aAAA/E,CAAA,QAAAD,CAAA,wBAAAC,CAAA,IAAAA,CAAA,CAAAgF,WAAA,WAAAjF,CAAA,KAAAA,CAAA,KAAAoC,iBAAA,6BAAApC,CAAA,CAAA+E,WAAA,IAAA/E,CAAA,CAAAkF,IAAA,OAAAlF,CAAA,CAAAmF,IAAA,aAAAlF,CAAA,WAAAE,MAAA,CAAAiF,cAAA,GAAAjF,MAAA,CAAAiF,cAAA,CAAAnF,CAAA,EAAAoC,0BAAA,KAAApC,CAAA,CAAAoF,SAAA,GAAAhD,0BAAA,EAAAnB,MAAA,CAAAjB,CAAA,EAAAe,CAAA,yBAAAf,CAAA,CAAAG,SAAA,GAAAD,MAAA,CAAAqB,MAAA,CAAAmB,CAAA,GAAA1C,CAAA,KAAAD,CAAA,CAAAsF,KAAA,aAAArF,CAAA,aAAAkD,OAAA,EAAAlD,CAAA,OAAA2C,qBAAA,CAAAG,aAAA,CAAA3C,SAAA,GAAAc,MAAA,CAAA6B,aAAA,CAAA3C,SAAA,EAAAU,CAAA,iCAAAd,CAAA,CAAA+C,aAAA,GAAAA,aAAA,EAAA/C,CAAA,CAAAuF,KAAA,aAAAtF,CAAA,EAAAC,CAAA,EAAAG,CAAA,EAAAE,CAAA,EAAAG,CAAA,eAAAA,CAAA,KAAAA,CAAA,GAAA8E,OAAA,OAAA5E,CAAA,OAAAmC,aAAA,CAAAzB,IAAA,CAAArB,CAAA,EAAAC,CAAA,EAAAG,CAAA,EAAAE,CAAA,GAAAG,CAAA,UAAAV,CAAA,CAAAgF,mBAAA,CAAA9E,CAAA,IAAAU,CAAA,GAAAA,CAAA,CAAAqD,IAAA,GAAAb,IAAA,WAAAnD,CAAA,WAAAA,CAAA,CAAAsD,IAAA,GAAAtD,CAAA,CAAAQ,KAAA,GAAAG,CAAA,CAAAqD,IAAA,WAAArB,qBAAA,CAAAD,CAAA,GAAAzB,MAAA,CAAAyB,CAAA,EAAA3B,CAAA,gBAAAE,MAAA,CAAAyB,CAAA,EAAA/B,CAAA,iCAAAM,MAAA,CAAAyB,CAAA,6DAAA3C,CAAA,CAAAyF,IAAA,aAAAxF,CAAA,QAAAD,CAAA,GAAAG,MAAA,CAAAF,CAAA,GAAAC,CAAA,gBAAAG,CAAA,IAAAL,CAAA,EAAAE,CAAA,CAAAuE,IAAA,CAAApE,CAAA,UAAAH,CAAA,CAAAwF,OAAA,aAAAzB,KAAA,WAAA/D,CAAA,CAAA4E,MAAA,SAAA7E,CAAA,GAAAC,CAAA,CAAAyF,GAAA,QAAA1F,CAAA,IAAAD,CAAA,SAAAiE,IAAA,CAAAxD,KAAA,GAAAR,CAAA,EAAAgE,IAAA,CAAAV,IAAA,OAAAU,IAAA,WAAAA,IAAA,CAAAV,IAAA,OAAAU,IAAA,QAAAjE,CAAA,CAAA0C,MAAA,GAAAA,MAAA,EAAAjB,OAAA,CAAArB,SAAA,KAAA6E,WAAA,EAAAxD,OAAA,EAAAmD,KAAA,WAAAA,MAAA5E,CAAA,aAAA4F,IAAA,WAAA3B,IAAA,WAAAN,IAAA,QAAAC,KAAA,GAAA3D,CAAA,OAAAsD,IAAA,YAAAE,QAAA,cAAAD,MAAA,gBAAA3B,GAAA,GAAA5B,CAAA,OAAAuE,UAAA,CAAA3B,OAAA,CAAA6B,aAAA,IAAA1E,CAAA,WAAAE,CAAA,kBAAAA,CAAA,CAAA2F,MAAA,OAAAxF,CAAA,CAAAyB,IAAA,OAAA5B,CAAA,MAAA2E,KAAA,EAAA3E,CAAA,CAAA4F,KAAA,cAAA5F,CAAA,IAAAD,CAAA,MAAA8F,IAAA,WAAAA,KAAA,SAAAxC,IAAA,WAAAtD,CAAA,QAAAuE,UAAA,IAAAG,UAAA,kBAAA1E,CAAA,CAAA2B,IAAA,QAAA3B,CAAA,CAAA4B,GAAA,cAAAmE,IAAA,KAAAnC,iBAAA,WAAAA,kBAAA7D,CAAA,aAAAuD,IAAA,QAAAvD,CAAA,MAAAE,CAAA,kBAAA+F,OAAA5F,CAAA,EAAAE,CAAA,WAAAK,CAAA,CAAAgB,IAAA,YAAAhB,CAAA,CAAAiB,GAAA,GAAA7B,CAAA,EAAAE,CAAA,CAAA+D,IAAA,GAAA5D,CAAA,EAAAE,CAAA,KAAAL,CAAA,CAAAsD,MAAA,WAAAtD,CAAA,CAAA2B,GAAA,GAAA5B,CAAA,KAAAM,CAAA,aAAAA,CAAA,QAAAiE,UAAA,CAAAM,MAAA,MAAAvE,CAAA,SAAAA,CAAA,QAAAG,CAAA,QAAA8D,UAAA,CAAAjE,CAAA,GAAAK,CAAA,GAAAF,CAAA,CAAAiE,UAAA,iBAAAjE,CAAA,CAAA0D,MAAA,SAAA6B,MAAA,aAAAvF,CAAA,CAAA0D,MAAA,SAAAwB,IAAA,QAAA9E,CAAA,GAAAT,CAAA,CAAAyB,IAAA,CAAApB,CAAA,eAAAM,CAAA,GAAAX,CAAA,CAAAyB,IAAA,CAAApB,CAAA,qBAAAI,CAAA,IAAAE,CAAA,aAAA4E,IAAA,GAAAlF,CAAA,CAAA2D,QAAA,SAAA4B,MAAA,CAAAvF,CAAA,CAAA2D,QAAA,gBAAAuB,IAAA,GAAAlF,CAAA,CAAA4D,UAAA,SAAA2B,MAAA,CAAAvF,CAAA,CAAA4D,UAAA,cAAAxD,CAAA,aAAA8E,IAAA,GAAAlF,CAAA,CAAA2D,QAAA,SAAA4B,MAAA,CAAAvF,CAAA,CAAA2D,QAAA,qBAAArD,CAAA,YAAAsC,KAAA,qDAAAsC,IAAA,GAAAlF,CAAA,CAAA4D,UAAA,SAAA2B,MAAA,CAAAvF,CAAA,CAAA4D,UAAA,YAAAR,MAAA,WAAAA,OAAA7D,CAAA,EAAAD,CAAA,aAAAE,CAAA,QAAAsE,UAAA,CAAAM,MAAA,MAAA5E,CAAA,SAAAA,CAAA,QAAAK,CAAA,QAAAiE,UAAA,CAAAtE,CAAA,OAAAK,CAAA,CAAA6D,MAAA,SAAAwB,IAAA,IAAAvF,CAAA,CAAAyB,IAAA,CAAAvB,CAAA,wBAAAqF,IAAA,GAAArF,CAAA,CAAA+D,UAAA,QAAA5D,CAAA,GAAAH,CAAA,aAAAG,CAAA,iBAAAT,CAAA,mBAAAA,CAAA,KAAAS,CAAA,CAAA0D,MAAA,IAAApE,CAAA,IAAAA,CAAA,IAAAU,CAAA,CAAA4D,UAAA,KAAA5D,CAAA,cAAAE,CAAA,GAAAF,CAAA,GAAAA,CAAA,CAAAiE,UAAA,cAAA/D,CAAA,CAAAgB,IAAA,GAAA3B,CAAA,EAAAW,CAAA,CAAAiB,GAAA,GAAA7B,CAAA,EAAAU,CAAA,SAAA8C,MAAA,gBAAAS,IAAA,GAAAvD,CAAA,CAAA4D,UAAA,EAAAnC,CAAA,SAAA+D,QAAA,CAAAtF,CAAA,MAAAsF,QAAA,WAAAA,SAAAjG,CAAA,EAAAD,CAAA,oBAAAC,CAAA,CAAA2B,IAAA,QAAA3B,CAAA,CAAA4B,GAAA,qBAAA5B,CAAA,CAAA2B,IAAA,mBAAA3B,CAAA,CAAA2B,IAAA,QAAAqC,IAAA,GAAAhE,CAAA,CAAA4B,GAAA,gBAAA5B,CAAA,CAAA2B,IAAA,SAAAoE,IAAA,QAAAnE,GAAA,GAAA5B,CAAA,CAAA4B,GAAA,OAAA2B,MAAA,kBAAAS,IAAA,yBAAAhE,CAAA,CAAA2B,IAAA,IAAA5B,CAAA,UAAAiE,IAAA,GAAAjE,CAAA,GAAAmC,CAAA,KAAAgE,MAAA,WAAAA,OAAAlG,CAAA,aAAAD,CAAA,QAAAwE,UAAA,CAAAM,MAAA,MAAA9E,CAAA,SAAAA,CAAA,QAAAE,CAAA,QAAAsE,UAAA,CAAAxE,CAAA,OAAAE,CAAA,CAAAoE,UAAA,KAAArE,CAAA,cAAAiG,QAAA,CAAAhG,CAAA,CAAAyE,UAAA,EAAAzE,CAAA,CAAAqE,QAAA,GAAAG,aAAA,CAAAxE,CAAA,GAAAiC,CAAA,yBAAAiE,OAAAnG,CAAA,aAAAD,CAAA,QAAAwE,UAAA,CAAAM,MAAA,MAAA9E,CAAA,SAAAA,CAAA,QAAAE,CAAA,QAAAsE,UAAA,CAAAxE,CAAA,OAAAE,CAAA,CAAAkE,MAAA,KAAAnE,CAAA,QAAAI,CAAA,GAAAH,CAAA,CAAAyE,UAAA,kBAAAtE,CAAA,CAAAuB,IAAA,QAAArB,CAAA,GAAAF,CAAA,CAAAwB,GAAA,EAAA6C,aAAA,CAAAxE,CAAA,YAAAK,CAAA,gBAAA+C,KAAA,8BAAA+C,aAAA,WAAAA,cAAArG,CAAA,EAAAE,CAAA,EAAAG,CAAA,gBAAAoD,QAAA,KAAA5C,QAAA,EAAA6B,MAAA,CAAA1C,CAAA,GAAAgE,UAAA,EAAA9D,CAAA,EAAAgE,OAAA,EAAA7D,CAAA,oBAAAmD,MAAA,UAAA3B,GAAA,GAAA5B,CAAA,GAAAkC,CAAA,OAAAnC,CAAA;AAAA,SAAAsG,mBAAAC,GAAA,EAAArD,OAAA,EAAAsD,MAAA,EAAAC,KAAA,EAAAC,MAAA,EAAAC,GAAA,EAAA9E,GAAA,cAAA+E,IAAA,GAAAL,GAAA,CAAAI,GAAA,EAAA9E,GAAA,OAAApB,KAAA,GAAAmG,IAAA,CAAAnG,KAAA,WAAAoG,KAAA,IAAAL,MAAA,CAAAK,KAAA,iBAAAD,IAAA,CAAArD,IAAA,IAAAL,OAAA,CAAAzC,KAAA,YAAA+E,OAAA,CAAAtC,OAAA,CAAAzC,KAAA,EAAA2C,IAAA,CAAAqD,KAAA,EAAAC,MAAA;AAAA,SAAAI,kBAAAC,EAAA,6BAAAC,IAAA,SAAAC,IAAA,GAAAC,SAAA,aAAA1B,OAAA,WAAAtC,OAAA,EAAAsD,MAAA,QAAAD,GAAA,GAAAQ,EAAA,CAAAI,KAAA,CAAAH,IAAA,EAAAC,IAAA,YAAAR,MAAAhG,KAAA,IAAA6F,kBAAA,CAAAC,GAAA,EAAArD,OAAA,EAAAsD,MAAA,EAAAC,KAAA,EAAAC,MAAA,UAAAjG,KAAA,cAAAiG,OAAAU,GAAA,IAAAd,kBAAA,CAAAC,GAAA,EAAArD,OAAA,EAAAsD,MAAA,EAAAC,KAAA,EAAAC,MAAA,WAAAU,GAAA,KAAAX,KAAA,CAAAY,SAAA;AACA,IAAMC,MAAM,GAAGC,oBAAQ,CAACD,MAAM;AAE9B,IAAME,UAAU,GAAG,IAAIF,MAAM,CAAC;EAC5BG,QAAQ,EAAE;IAAE7F,IAAI,EAAE8F,MAAM;IAAEC,MAAM,EAAE,IAAI;IAAEC,QAAQ,EAAE;EAAK,CAAC;EACxDC,QAAQ,EAAE;IAAEjG,IAAI,EAAE8F,MAAM;IAAEE,QAAQ,EAAE;EAAK;AAC3C,CAAC,CAAC;AAEFJ,UAAU,CAACM,OAAO,CAACC,eAAe;EAAA,IAAAC,IAAA,GAAAlB,iBAAA,eAAA/G,mBAAA,GAAAoF,IAAA,CAAG,SAAA8C,QAAgBC,KAAK;IAAA,OAAAnI,mBAAA,GAAAuB,IAAA,UAAA6G,SAAAC,QAAA;MAAA,kBAAAA,QAAA,CAAAxC,IAAA,GAAAwC,QAAA,CAAAnE,IAAA;QAAA;UAAAmE,QAAA,CAAAnE,IAAA;UAAA,OAC3CoE,kBAAM,CAACC,OAAO,CAACJ,KAAK,EAAE,IAAI,CAACL,QAAQ,CAAC;QAAA;UAAA,OAAAO,QAAA,CAAAtE,MAAA,WAAAsE,QAAA,CAAAzE,IAAA;QAAA;QAAA;UAAA,OAAAyE,QAAA,CAAArC,IAAA;MAAA;IAAA,GAAAkC,OAAA;EAAA,CAClD;EAAA,iBAAAM,EAAA;IAAA,OAAAP,IAAA,CAAAb,KAAA,OAAAD,SAAA;EAAA;AAAA;AAEDM,UAAU,CAACgB,OAAO,CAACC,cAAc,GAAG,UAAUhB,QAAQ,EAAE;EACtD,OAAO,IAAI,CAACiB,OAAO,CAAC;IAAEjB,QAAQ,EAAEA;EAAS,CAAC,CAAC;AAC7C,CAAC;AAEDD,UAAU,CAACmB,GAAG,CAAC,MAAM;EAAA,IAAAC,KAAA,GAAA9B,iBAAA,eAAA/G,mBAAA,GAAAoF,IAAA,CAAE,SAAA0D,SAAgB5E,IAAI;IAAA,IAAA6E,UAAA,EAAAC,IAAA;IAAA,OAAAhJ,mBAAA,GAAAuB,IAAA,UAAA0H,UAAAC,SAAA;MAAA,kBAAAA,SAAA,CAAArD,IAAA,GAAAqD,SAAA,CAAAhF,IAAA;QAAA;UACnC6E,UAAU,GAAG,EAAE,EAAE;UACvB;UAAA,MACI,IAAI,CAACI,UAAU,CAAC,UAAU,CAAC,IAAI,IAAI,CAACC,KAAK;YAAAF,SAAA,CAAAhF,IAAA;YAAA;UAAA;UAAAgF,SAAA,CAAArD,IAAA;UAAAqD,SAAA,CAAAhF,IAAA;UAAA,OAEtBoE,kBAAM,CAACU,IAAI,CAAC,IAAI,CAAClB,QAAQ,EAAEiB,UAAU,CAAC;QAAA;UAAnDC,IAAI,GAAAE,SAAA,CAAAtF,IAAA;UACV,IAAI,CAACkE,QAAQ,GAAGkB,IAAI;UACpB9E,IAAI,CAAC,CAAC;UAACgF,SAAA,CAAAhF,IAAA;UAAA;QAAA;UAAAgF,SAAA,CAAArD,IAAA;UAAAqD,SAAA,CAAAG,EAAA,GAAAH,SAAA;UAEPhF,IAAI,CAAAgF,SAAA,CAAAG,EAAM,CAAC;QAAC;UAAAH,SAAA,CAAAhF,IAAA;UAAA;QAAA;UAGdA,IAAI,CAAC,CAAC;QAAC;QAAA;UAAA,OAAAgF,SAAA,CAAAlD,IAAA;MAAA;IAAA,GAAA8C,QAAA;EAAA,CAEV;EAAA,iBAAAQ,GAAA;IAAA,OAAAT,KAAA,CAAAzB,KAAA,OAAAD,SAAA;EAAA;AAAA,IAAC;AAAC,IAAAoC,QAAA,GAAAC,OAAA,cACYhC,oBAAQ,CAACiC,KAAK,CAAC,MAAM,EAAEhC,UAAU,CAAC"},"_coverageSchema":"1a1c01bbd47fc00a2c39e90264f33305004495a9","hash":"8adf42b0ee4e81c3b7e8e76d1659216f639a9e73","contentHash":"8f6cc60ef4f121b55f8a65b81bb5071e385a103cd715397294c99fcb119f2fc8"},"D:\\SETU\\Agile Software\\movies-api-cicd-lab\\index.js":{"path":"D:\\SETU\\Agile Software\\movies-api-cicd-lab\\index.js","statementMap":{"0":{"start":{"line":3,"column":15},"end":{"line":3,"column":57}},"1":{"start":{"line":4,"column":14},"end":{"line":4,"column":55}},"2":{"start":{"line":5,"column":12},"end":{"line":5,"column":51}},"3":{"start":{"line":6,"column":14},"end":{"line":6,"column":61}},"4":{"start":{"line":7,"column":13},"end":{"line":7,"column":59}},"5":{"start":{"line":8,"column":0},"end":{"line":8,"column":16}},"6":{"start":{"line":9,"column":0},"end":{"line":9,"column":22}},"7":{"start":{"line":10,"column":20},"end":{"line":10,"column":69}},"8":{"start":{"line":11,"column":18},"end":{"line":11,"column":65}},"9":{"start":{"line":12,"column":39},"end":{"line":12,"column":95}},"10":{"start":{"line":13,"column":0},"end":{"line":13,"column":28}},"11":{"start":{"line":14,"column":10},"end":{"line":14,"column":36}},"12":{"start":{"line":15,"column":11},"end":{"line":15,"column":27}},"13":{"start":{"line":16,"column":0},"end":{"line":16,"column":33}},"14":{"start":{"line":17,"column":0},"end":{"line":17,"column":36}},"15":{"start":{"line":18,"column":0},"end":{"line":18,"column":69}},"16":{"start":{"line":19,"column":0},"end":{"line":19,"column":41}},"17":{"start":{"line":20,"column":0},"end":{"line":20,"column":43}},"18":{"start":{"line":21,"column":0},"end":{"line":21,"column":32}},"19":{"start":{"line":22,"column":13},"end":{"line":24,"column":2}},"20":{"start":{"line":23,"column":2},"end":{"line":23,"column":50}},"21":{"start":{"line":25,"column":0},"end":{"line":25,"column":24}}},"fnMap":{"0":{"name":"_interopRequireDefault","decl":{"start":{"line":12,"column":9},"end":{"line":12,"column":31}},"loc":{"start":{"line":12,"column":37},"end":{"line":12,"column":97}},"line":12},"1":{"name":"(anonymous_1)","decl":{"start":{"line":22,"column":30},"end":{"line":22,"column":31}},"loc":{"start":{"line":22,"column":42},"end":{"line":24,"column":1}},"line":22}},"branchMap":{"0":{"loc":{"start":{"line":12,"column":46},"end":{"line":12,"column":94}},"type":"cond-expr","locations":[{"start":{"line":12,"column":70},"end":{"line":12,"column":73}},{"start":{"line":12,"column":76},"end":{"line":12,"column":94}}],"line":12},"1":{"loc":{"start":{"line":12,"column":46},"end":{"line":12,"column":67}},"type":"binary-expr","locations":[{"start":{"line":12,"column":46},"end":{"line":12,"column":49}},{"start":{"line":12,"column":53},"end":{"line":12,"column":67}}],"line":12}},"s":{"0":1,"1":1,"2":1,"3":1,"4":1,"5":1,"6":1,"7":1,"8":1,"9":7,"10":1,"11":1,"12":1,"13":1,"14":1,"15":1,"16":1,"17":1,"18":1,"19":1,"20":1,"21":1},"f":{"0":7,"1":1},"b":{"0":[4,3],"1":[7,7]},"inputSourceMap":{"version":3,"names":["_express","_interopRequireDefault","require","_dotenv","_cors","_movies","_users","_authenticate","_errHandler","obj","__esModule","dotenv","config","app","express","port","process","env","PORT","use","cors","json","authenticate","moviesRouter","usersRouter","defaultErrHandler","server","listen","console","info","concat","module","exports"],"sourceRoot":"D:\\SETU\\Agile Software\\movies-api-cicd-lab\\","sources":["index.js"],"sourcesContent":["import express from \"express\";\r\nimport dotenv from \"dotenv\";\r\nimport cors from 
[...]
,"234":0,"235":4,"236":4,"237":4,"238":4,"239":4,"240":4,"241":4,"242":4,"243":4,"244":4,"245":0,"246":4,"247":4,"248":4,"249":4,"250":3,"251":3,"252":3,"253":7,"254":1,"255":7,"256":1},"f":{"0":0,"1":0,"2":0,"3":2,"4":1,"5":7,"6":0,"7":13,"8":0,"9":7,"10":18,"11":0,"12":0,"13":0,"14":0,"15":2,"16":6,"17":15,"18":0,"19":0,"20":0,"21":0,"22":0,"23":0,"24":0,"25":0,"26":0,"27":7,"28":15,"29":0,"30":7,"31":17,"32":7,"33":1,"34":0,"35":0,"36":1,"37":0,"38":0,"39":0,"40":0,"41":0,"42":0,"43":0,"44":0,"45":7,"46":7,"47":3,"48":3,"49":0,"50":0,"51":0,"52":3,"53":0,"54":15,"55":1,"56":7,"57":7,"58":15,"59":0,"60":1,"61":7,"62":18,"63":7},"b":{"0":[0,0],"1":[0,0],"2":[0,0],"3":[0,0,0,0],"4":[1,1],"5":[2,2],"6":[1,0],"7":[1,0],"8":[1,0],"9":[1,0],"10":[1,0],"11":[7,0],"12":[7,7],"13":[7,0],"14":[1,1],"15":[1,1,1,1],"16":[0,0],"17":[0,0],"18":[0,0,0],"19":[0,0],"20":[0,15],"21":[0,15],"22":[0,0],"23":[0,18],"24":[0,0],"25":[0,0],"26":[15,3],"27":[3,0],"28":[0,3],"29":[0,0],"30":[15,3],"31":[0,15],"32":[7,8],"33":[3,3],"34":[0,0],"35":[0,0,0,0,0],"36":[0,0],"37":[0,0],"38":[0,0],"39":[0,0],"40":[7,7],"41":[7,0],"42":[17,14],"43":[1,0],"44":[1,0],"45":[1,0],"46":[0,0],"47":[0,0],"48":[0,0],"49":[0,0],"50":[0,0,0],"51":[0,0],"52":[1,0],"53":[0,0],"54":[0,0],"55":[0,0],"56":[0,0],"57":[0,7],"58":[0,0,0,0],"59":[0,7],"60":[0,3],"61":[3,3],"62":[0,3],"63":[3,0],"64":[0,3],"65":[3,3],"66":[0,0],"67":[0,0],"68":[3,0],"69":[3,0],"70":[0,0],"71":[0,0],"72":[0,0],"73":[0,0,0],"74":[0,0,0,0,0,0],"75":[0,0],"76":[0,0],"77":[0,0],"78":[0,0],"79":[0,0],"80":[0,0],"81":[0,0,0],"82":[0,0],"83":[3,0],"84":[3,0],"85":[0,0],"86":[7,8],"87":[7,4,4,4,4,4,3,7,7],"88":[4,3],"89":[4,0],"90":[4,0]},"inputSourceMap":{"version":3,"names":["_jsonwebtoken","_interopRequireDefault","require","_userModel","obj","__esModule","_regeneratorRuntime","e","t","r","Object","prototype","n","hasOwnProperty","o","defineProperty","value","i","Symbol","a","iterator","c","asyncIterator","u","toStringTag","define","enumerable","configurable","writable","wrap","Generator","create","Context","makeInvokeMethod","tryCatch","type","arg","call","h","l","f","s","y","GeneratorFunction","GeneratorFunctionPrototype","p","d","getPrototypeOf","v","values","g","defineIteratorMethods","forEach","_invoke","AsyncIterator","invoke","_typeof","resolve","__await","then","callInvokeWithMethodAndArg","Error","done","method","delegate","maybeInvokeDelegate","sent","_sent","dispatchException","abrupt","TypeError","resultName","next","nextLoc","pushTryEntry","tryLoc","catchLoc","finallyLoc","afterLoc","tryEntries","push","resetTryEntry","completion","reset","isNaN","length","displayName","isGeneratorFunction","constructor","name","mark","setPrototypeOf","__proto__","awrap","async","Promise","keys","reverse","pop","prev","charAt","slice","stop","rval","handle","complete","finish","_catch","delegateYield","asyncGeneratorStep","gen","reject","_next","_throw","key","info","error","_asyncToGenerator","fn","self","args","arguments","apply","err","undefined","authenticate","_ref","_callee","request","response","authHeader","token","decoded","user","_callee$","_context","headers","authorization","split","jwt","verify","process","env","SECRET","console","log","User","findByUserName","username","t0","concat","message","_x","_x2","_x3","_default","exports"],"sourceRoot":"D:\\SETU\\Agile Software\\movies-api-cicd-lab\\authenticate\\","sources":["index.js"],"sourcesContent":["import jwt from \"jsonwebtoken\";\r\nimport User from \"../api/users/userModel\";\r\n\r\nconst authenticate = async (request, response, next) => {\r\n  try {\r\n    const authHeader = request.headers.authorization;\r\n    if (!authHeader) throw new Error(\"No authorization header\");\r\n\r\n    const token = authHeader.split(\" \")[1];\r\n    if (!token) throw new Error(\"Bearer token not found\");\r\n\r\n    const decoded = await jwt.verify(token, process.env.SECRET);\r\n    console.log(decoded);\r\n\r\n    // Assuming decoded contains a username field\r\n    const user = await User.findByUserName(decoded.username);\r\n    if (!user) {\r\n      throw new Error(\"User not found\");\r\n    }\r\n    request.user = user; // Optionally attach the user to the request for further use\r\n    next();\r\n  } catch (err) {\r\n    next(new Error(`Verification Failed: ${err.message}`));\r\n  }\r\n};\r\n\r\nexport default authenticate;\r\n"],"mappings":";;;;;;;AAAA,IAAAA,aAAA,GAAAC,sBAAA,CAAAC,OAAA;AACA,IAAAC,UAAA,GAAAF,sBAAA,CAAAC,OAAA;AAA0C,SAAAD,uBAAAG,GAAA,WAAAA,GAAA,IAAAA,GAAA,CAAAC,UAAA,GAAAD,GAAA,gBAAAA,GAAA;AAAA,SAAAE,oBAAA,kBAA1C,qJAAAA,mBAAA,YAAAA,oBAAA,WAAAC,CAAA,SAAAC,CAAA,EAAAD,CAAA,OAAAE,CAAA,GAAAC,MAAA,CAAAC,SAAA,EAAAC,CAAA,GAAAH,CAAA,CAAAI,cAAA,EAAAC,CAAA,GAAAJ,MAAA,CAAAK,cAAA,cAAAP,CAAA,EAAAD,CAAA,EAAAE,CAAA,IAAAD,CAAA,CAAAD,CAAA,IAAAE,CAAA,CAAAO,KAAA,KAAAC,CAAA,wBAAAC,MAAA,GAAAA,MAAA,OAAAC,CAAA,GAAAF,CAAA,CAAAG,QAAA,kBAAAC,CAAA,GAAAJ,CAAA,CAAAK,aAAA,uBAAAC,CAAA,GAAAN,CAAA,CAAAO,WAAA,8BAAAC,OAAAjB,CAAA,EAAAD,CAAA,EAAAE,CAAA,WAAAC,MAAA,CAAAK,cAAA,CAAAP,CAAA,EAAAD,CAAA,IAAAS,KAAA,EAAAP,CAAA,EAAAiB,UAAA,MAAAC,YAAA,MAAAC,QAAA,SAAApB,CAAA,CAAAD,CAAA,WAAAkB,MAAA,mBAAAjB,CAAA,IAAAiB,MAAA,YAAAA,OAAAjB,CAAA,EAAAD,CAAA,EAAAE,CAAA,WAAAD,CAAA,CAAAD,CAAA,IAAAE,CAAA,gBAAAoB,KAAArB,CAAA,EAAAD,CAAA,EAAAE,CAAA,EAAAG,CAAA,QAAAK,CAAA,GAAAV,CAAA,IAAAA,CAAA,CAAAI,SAAA,YAAAmB,SAAA,GAAAvB,CAAA,GAAAuB,SAAA,EAAAX,CAAA,GAAAT,MAAA,CAAAqB,MAAA,CAAAd,CAAA,CAAAN,SAAA,GAAAU,CAAA,OAAAW,OAAA,CAAApB,CAAA,gBAAAE,CAAA,CAAAK,CAAA,eAAAH,KAAA,EAAAiB,gBAAA,CAAAzB,CAAA,EAAAC,CAAA,EAAAY,CAAA,MAAAF,CAAA,aAAAe,SAAA1B,CAAA,EAAAD,CAAA,EAAAE,CAAA,mBAAA0B,IAAA,YAAAC,GAAA,EAAA5B,CAAA,CAAA6B,IAAA,CAAA9B,CAAA,EAAAE,CAAA,cAAAD,CAAA,aAAA2B,IAAA,WAAAC,GAAA,EAAA5B,CAAA,QAAAD,CAAA,CAAAsB,IAAA,GAAAA,IAAA,MAAAS,CAAA,qBAAAC,CAAA,qBAAAC,CAAA,gBAAAC,CAAA,gBAAAC,CAAA,gBAAAZ,UAAA,cAAAa,kBAAA,cAAAC,2BAAA,SAAAC,CAAA,OAAApB,MAAA,CAAAoB,CAAA,EAAA1B,CAAA,qCAAA2B,CAAA,GAAApC,MAAA,CAAAqC,cAAA,EAAAC,CAAA,GAAAF,CAAA,IAAAA,CAAA,CAAAA,CAAA,CAAAG,MAAA,QAAAD,CAAA,IAAAA,CAAA,KAAAvC,CAAA,IAAAG,CAAA,CAAAyB,IAAA,CAAAW,CAAA,EAAA7B,CAAA,MAAA0B,CAAA,GAAAG,CAAA,OAAAE,CAAA,GAAAN,0BAAA,CAAAjC,SAAA,GAAAmB,SAAA,CAAAnB,SAAA,GAAAD,MAAA,CAAAqB,MAAA,CAAAc,CAAA,YAAAM,sBAAA3C,CAAA,gCAAA4C,OAAA,WAAA7C,CAAA,IAAAkB,MAAA,CAAAjB,CAAA,EAAAD,CAAA,YAAAC,CAAA,gBAAA6C,OAAA,CAAA9C,CAAA,EAAAC,CAAA,sBAAA8C,cAAA9C,CAAA,EAAAD,CAAA,aAAAgD,OAAA9C,CAAA,EAAAK,CAAA,EAAAG,CAAA,EAAAE,CAAA,QAAAE,CAAA,GAAAa,QAAA,CAAA1B,CAAA,CAAAC,CAAA,GAAAD,CAAA,EAAAM,CAAA,mBAAAO,CAAA,CAAAc,IAAA,QAAAZ,CAAA,GAAAF,CAAA,CAAAe,GAAA,EAAAE,CAAA,GAAAf,CAAA,CAAAP,KAAA,SAAAsB,CAAA,gBAAAkB,OAAA,CAAAlB,CAAA,KAAA1B,CAAA,CAAAyB,IAAA,CAAAC,CAAA,eAAA/B,CAAA,CAAAkD,OAAA,CAAAnB,CAAA,CAAAoB,OAAA,EAAAC,IAAA,WAAAnD,CAAA,IAAA+C,MAAA,SAAA/C,CAAA,EAAAS,CAAA,EAAAE,CAAA,gBAAAX,CAAA,IAAA+C,MAAA,UAAA/C,CAAA,EAAAS,CAAA,EAAAE,CAAA,QAAAZ,CAAA,CAAAkD,OAAA,CAAAnB,CAAA,EAAAqB,IAAA,WAAAnD,CAAA,IAAAe,CAAA,CAAAP,KAAA,GAAAR,CAAA,EAAAS,CAAA,CAAAM,CAAA,gBAAAf,CAAA,WAAA+C,MAAA,UAAA/C,CAAA,EAAAS,CAAA,EAAAE,CAAA,SAAAA,CAAA,CAAAE,CAAA,CAAAe,GAAA,SAAA3B,CAAA,EAAAK,CAAA,oBAAAE,KAAA,WAAAA,MAAAR,CAAA,EAAAI,CAAA,aAAAgD,2BAAA,eAAArD,CAAA,WAAAA,CAAA,EAAAE,CAAA,IAAA8C,MAAA,CAAA/C,CAAA,EAAAI,CAAA,EAAAL,CAAA,EAAAE,CAAA,gBAAAA,CAAA,GAAAA,CAAA,GAAAA,CAAA,CAAAkD,IAAA,CAAAC,0BAAA,EAAAA,0BAAA,IAAAA,0BAAA,qBAAA3B,iBAAA1B,CAAA,EAAAE,CAAA,EAAAG,CAAA,QAAAE,CAAA,GAAAwB,CAAA,mBAAArB,CAAA,EAAAE,CAAA,QAAAL,CAAA,KAAA0B,CAAA,YAAAqB,KAAA,sCAAA/C,CAAA,KAAA2B,CAAA,oBAAAxB,CAAA,QAAAE,CAAA,WAAAH,KAAA,EAAAR,CAAA,EAAAsD,IAAA,eAAAlD,CAAA,CAAAmD,MAAA,GAAA9C,CAAA,EAAAL,CAAA,CAAAwB,GAAA,GAAAjB,CAAA,UAAAE,CAAA,GAAAT,CAAA,CAAAoD,QAAA,MAAA3C,CAAA,QAAAE,CAAA,GAAA0C,mBAAA,CAAA5C,CAAA,EAAAT,CAAA,OAAAW,CAAA,QAAAA,CAAA,KAAAmB,CAAA,mBAAAnB,CAAA,qBAAAX,CAAA,CAAAmD,MAAA,EAAAnD,CAAA,CAAAsD,IAAA,GAAAtD,CAAA,CAAAuD,KAAA,GAAAvD,CAAA,CAAAwB,GAAA,sBAAAxB,CAAA,CAAAmD,MAAA,QAAAjD,CAAA,KAAAwB,CAAA,QAAAxB,CAAA,GAAA2B,CAAA,EAAA7B,CAAA,CAAAwB,GAAA,EAAAxB,CAAA,CAAAwD,iBAAA,CAAAxD,CAAA,CAAAwB,GAAA,uBAAAxB,CAAA,CAAAmD,MAAA,IAAAnD,CAAA,CAAAyD,MAAA,WAAAzD,CAAA,CAAAwB,GAAA,GAAAtB,CAAA,GAAA0B,CAAA,MAAAK,CAAA,GAAAX,QAAA,CAAA3B,CAAA,EAAAE,CAAA,EAAAG,CAAA,oBAAAiC,CAAA,CAAAV,IAAA,QAAArB,CAAA,GAAAF,CAAA,CAAAkD,IAAA,GAAArB,CAAA,GAAAF,CAAA,EAAAM,CAAA,CAAAT,GAAA,KAAAM,CAAA,qBAAA1B,KAAA,EAAA6B,CAAA,CAAAT,GAAA,EAAA0B,IAAA,EAAAlD,CAAA,CAAAkD,IAAA,kBAAAjB,CAAA,CAAAV,IAAA,KAAArB,CAAA,GAAA2B,CAAA,EAAA7B,CAAA,CAAAmD,MAAA,YAAAnD,CAAA,CAAAwB,GAAA,GAAAS,CAAA,CAAAT,GAAA,mBAAA6B,oBAAA1D,CAAA,EAAAE,CAAA,QAAAG,CAAA,GAAAH,CAAA,CAAAsD,MAAA,EAAAjD,CAAA,GAAAP,CAAA,CAAAa,QAAA,CAAAR,CAAA,OAAAE,CAAA,KAAAN,CAAA,SAAAC,CAAA,CAAAuD,QAAA,qBAAApD,CAAA,IAAAL,CAAA,CAAAa,QAAA,eAAAX,CAAA,CAAAsD,MAAA,aAAAtD,CAAA,CAAA2B,GAAA,GAAA5B,CAAA,EAAAyD,mBAAA,CAAA1D,CAAA,EAAAE,CAAA,eAAAA,CAAA,CAAAsD,MAAA,kBAAAnD,CAAA,KAAAH,CAAA,CAAAsD,MAAA,YAAAtD,CAAA,CAAA2B,GAAA,OAAAkC,SAAA,uCAAA1D,CAAA,iBAAA8B,CAAA,MAAAzB,CAAA,GAAAiB,QAAA,CAAApB,CAAA,EAAAP,CAAA,CAAAa,QAAA,EAAAX,CAAA,CAAA2B,GAAA,mBAAAnB,CAAA,CAAAkB,IAAA,SAAA1B,CAAA,CAAAsD,MAAA,YAAAtD,CAAA,CAAA2B,GAAA,GAAAnB,CAAA,CAAAmB,GAAA,EAAA3B,CAAA,CAAAuD,QAAA,SAAAtB,CAAA,MAAAvB,CAAA,GAAAF,CAAA,CAAAmB,GAAA,SAAAjB,CAAA,GAAAA,CAAA,CAAA2C,IAAA,IAAArD,CAAA,CAAAF,CAAA,CAAAgE,UAAA,IAAApD,CAAA,CAAAH,KAAA,EAAAP,CAAA,CAAA+D,IAAA,GAAAjE,CAAA,CAAAkE,OAAA,eAAAhE,CAAA,CAAAsD,MAAA,KAAAtD,CAAA,CAAAsD,MAAA,WAAAtD,CAAA,CAAA2B,GAAA,GAAA5B,CAAA,GAAAC,CAAA,CAAAuD,QAAA,SAAAtB,CAAA,IAAAvB,CAAA,IAAAV,CAAA,CAAAsD,MAAA,YAAAtD,CAAA,CAAA2B,GAAA,OAAAkC,SAAA,sCAAA7D,CAAA,CAAAuD,QAAA,SAAAtB,CAAA,cAAAgC,aAAAlE,CAAA,QAAAD,CAAA,KAAAoE,MAAA,EAAAnE,CAAA,YAAAA,CAAA,KAAAD,CAAA,CAAAqE,QAAA,GAAApE,CAAA,WAAAA,CAAA,KAAAD,CAAA,CAAAsE,UAAA,GAAArE,CAAA,KAAAD,CAAA,CAAAuE,QAAA,GAAAtE,CAAA,WAAAuE,UAAA,CAAAC,IAAA,CAAAzE,CAAA,cAAA0E,cAAAzE,CAAA,QAAAD,CAAA,GAAAC,CAAA,CAAA0E,UAAA,QAAA3E,CAAA,CAAA4B,IAAA,oBAAA5B,CAAA,CAAA6B,GAAA,EAAA5B,CAAA,CAAA0E,UAAA,GAAA3E,CAAA,aAAAyB,QAAAxB,CAAA,SAAAuE,UAAA,MAAAJ,MAAA,aAAAnE,CAAA,CAAA4C,OAAA,CAAAsB,YAAA,cAAAS,KAAA,iBAAAlC,OAAA1C,CAAA,QAAAA,CAAA,WAAAA,CAAA,QAAAE,CAAA,GAAAF,CAAA,CAAAY,CAAA,OAAAV,CAAA,SAAAA,CAAA,CAAA4B,IAAA,CAAA9B,CAAA,4BAAAA,CAAA,CAAAiE,IAAA,SAAAjE,CAAA,OAAA6E,KAAA,CAAA7E,CAAA,CAAA8E,MAAA,SAAAvE,CAAA,OAAAG,CAAA,YAAAuD,KAAA,aAAA1D,CAAA,GAAAP,CAAA,CAAA8E,MAAA,OAAAzE,CAAA,CAAAyB,IAAA,CAAA9B,CAAA,EAAAO,CAAA,UAAA0D,IAAA,CAAAxD,KAAA,GAAAT,CAAA,CAAAO,CAAA,GAAA0D,IAAA,CAAAV,IAAA,OAAAU,IAAA,SAAAA,IAAA,CAAAxD,KAAA,GAAAR,CAAA,EAAAgE,IAAA,CAAAV,IAAA,OAAAU,IAAA,YAAAvD,CAAA,CAAAuD,IAAA,GAAAvD,CAAA,gBAAAqD,SAAA,CAAAd,OAAA,CAAAjD,CAAA,kCAAAoC,iBAAA,CAAAhC,SAAA,GAAAiC,0BAAA,EAAA9B,CAAA,CAAAoC,CAAA,mBAAAlC,KAAA,EAAA4B,0BAAA,EAAAjB,YAAA,SAAAb,CAAA,CAAA8B,0BAAA,mBAAA5B,KAAA,EAAA2B,iBAAA,EAAAhB,YAAA,SAAAgB,iBAAA,CAAA2C,WAAA,GAAA7D,MAAA,CAAAmB,0BAAA,EAAArB,CAAA,wBAAAhB,CAAA,CAAAgF,mBAAA,aAAA/E,CAAA,QAAAD,CAAA,wBAAAC,CAAA,IAAAA,CAAA,CAAAgF,WAAA,WAAAjF,CAAA,KAAAA,CAAA,KAAAoC,iBAAA,6BAAApC,CAAA,CAAA+E,WAAA,IAAA/E,CAAA,CAAAkF,IAAA,OAAAlF,CAAA,CAAAmF,IAAA,aAAAlF,CAAA,WAAAE,MAAA,CAAAiF,cAAA,GAAAjF,MAAA,CAAAiF,cAAA,CAAAnF,CAAA,EAAAoC,0BAAA,KAAApC,CAAA,CAAAoF,SAAA,GAAAhD,0BAAA,EAAAnB,MAAA,CAAAjB,CAAA,EAAAe,CAAA,yBAAAf,CAAA,CAAAG,SAAA,GAAAD,MAAA,CAAAqB,MAAA,CAAAmB,CAAA,GAAA1C,CAAA,KAAAD,CAAA,CAAAsF,KAAA,aAAArF,CAAA,aAAAkD,OAAA,EAAAlD,CAAA,OAAA2C,qBAAA,CAAAG,aAAA,CAAA3C,SAAA,GAAAc,MAAA,CAAA6B,aAAA,CAAA3C,SAAA,EAAAU,CAAA,iCAAAd,CAAA,CAAA+C,aAAA,GAAAA,aAAA,EAAA/C,CAAA,CAAAuF,KAAA,aAAAtF,CAAA,EAAAC,CAAA,EAAAG,CAAA,EAAAE,CAAA,EAAAG,CAAA,eAAAA,CAAA,KAAAA,CAAA,GAAA8E,OAAA,OAAA5E,CAAA,OAAAmC,aAAA,CAAAzB,IAAA,CAAArB,CAAA,EAAAC,CAAA,EAAAG,CAAA,EAAAE,CAAA,GAAAG,CAAA,UAAAV,CAAA,CAAAgF,mBAAA,CAAA9E,CAAA,IAAAU,CAAA,GAAAA,CAAA,CAAAqD,IAAA,GAAAb,IAAA,WAAAnD,CAAA,WAAAA,CAAA,CAAAsD,IAAA,GAAAtD,CAAA,CAAAQ,KAAA,GAAAG,CAAA,CAAAqD,IAAA,WAAArB,qBAAA,CAAAD,CAAA,GAAAzB,MAAA,CAAAyB,CAAA,EAAA3B,CAAA,gBAAAE,MAAA,CAAAyB,CAAA,EAAA/B,CAAA,iCAAAM,MAAA,CAAAyB,CAAA,6DAAA3C,CAAA,CAAAyF,IAAA,aAAAxF,CAAA,QAAAD,CAAA,GAAAG,MAAA,CAAAF,CAAA,GAAAC,CAAA,gBAAAG,CAAA,IAAAL,CAAA,EAAAE,CAAA,CAAAuE,IAAA,CAAApE,CAAA,UAAAH,CAAA,CAAAwF,OAAA,aAAAzB,KAAA,WAAA/D,CAAA,CAAA4E,MAAA,SAAA7E,CAAA,GAAAC,CAAA,CAAAyF,GAAA,QAAA1F,CAAA,IAAAD,CAAA,SAAAiE,IAAA,CAAAxD,KAAA,GAAAR,CAAA,EAAAgE,IAAA,CAAAV,IAAA,OAAAU,IAAA,WAAAA,IAAA,CAAAV,IAAA,OAAAU,IAAA,QAAAjE,CAAA,CAAA0C,MAAA,GAAAA,MAAA,EAAAjB,OAAA,CAAArB,SAAA,KAAA6E,WAAA,EAAAxD,OAAA,EAAAmD,KAAA,WAAAA,MAAA5E,CAAA,aAAA4F,IAAA,WAAA3B,IAAA,WAAAN,IAAA,QAAAC,KAAA,GAAA3D,CAAA,OAAAsD,IAAA,YAAAE,QAAA,cAAAD,MAAA,gBAAA3B,GAAA,GAAA5B,CAAA,OAAAuE,UAAA,CAAA3B,OAAA,CAAA6B,aAAA,IAAA1E,CAAA,WAAAE,CAAA,kBAAAA,CAAA,CAAA2F,MAAA,OAAAxF,CAAA,CAAAyB,IAAA,OAAA5B,CAAA,MAAA2E,KAAA,EAAA3E,CAAA,CAAA4F,KAAA,cAAA5F,CAAA,IAAAD,CAAA,MAAA8F,IAAA,WAAAA,KAAA,SAAAxC,IAAA,WAAAtD,CAAA,QAAAuE,UAAA,IAAAG,UAAA,kBAAA1E,CAAA,CAAA2B,IAAA,QAAA3B,CAAA,CAAA4B,GAAA,cAAAmE,IAAA,KAAAnC,iBAAA,WAAAA,kBAAA7D,CAAA,aAAAuD,IAAA,QAAAvD,CAAA,MAAAE,CAAA,kBAAA+F,OAAA5F,CAAA,EAAAE,CAAA,WAAAK,CAAA,CAAAgB,IAAA,YAAAhB,CAAA,CAAAiB,GAAA,GAAA7B,CAAA,EAAAE,CAAA,CAAA+D,IAAA,GAAA5D,CAAA,EAAAE,CAAA,KAAAL,CAAA,CAAAsD,MAAA,WAAAtD,CAAA,CAAA2B,GAAA,GAAA5B,CAAA,KAAAM,CAAA,aAAAA,CAAA,QAAAiE,UAAA,CAAAM,MAAA,MAAAvE,CAAA,SAAAA,CAAA,QAAAG,CAAA,QAAA8D,UAAA,CAAAjE,CAAA,GAAAK,CAAA,GAAAF,CAAA,CAAAiE,UAAA,iBAAAjE,CAAA,CAAA0D,MAAA,SAAA6B,MAAA,aAAAvF,CAAA,CAAA0D,MAAA,SAAAwB,IAAA,QAAA9E,CAAA,GAAAT,CAAA,CAAAyB,IAAA,CAAApB,CAAA,eAAAM,CAAA,GAAAX,CAAA,CAAAyB,IAAA,CAAApB,CAAA,qBAAAI,CAAA,IAAAE,CAAA,aAAA4E,IAAA,GAAAlF,CAAA,CAAA2D,QAAA,SAAA4B,MAAA,CAAAvF,CAAA,CAAA2D,QAAA,gBAAAuB,IAAA,GAAAlF,CAAA,CAAA4D,UAAA,SAAA2B,MAAA,CAAAvF,CAAA,CAAA4D,UAAA,cAAAxD,CAAA,aAAA8E,IAAA,GAAAlF,CAAA,CAAA2D,QAAA,SAAA4B,MAAA,CAAAvF,CAAA,CAAA2D,QAAA,qBAAArD,CAAA,YAAAsC,KAAA,qDAAAsC,IAAA,GAAAlF,CAAA,CAAA4D,UAAA,SAAA2B,MAAA,CAAAvF,CAAA,CAAA4D,UAAA,YAAAR,MAAA,WAAAA,OAAA7D,CAAA,EAAAD,CAAA,aAAAE,CAAA,QAAAsE,UAAA,CAAAM,MAAA,MAAA5E,CAAA,SAAAA,CAAA,QAAAK,CAAA,QAAAiE,UAAA,CAAAtE,CAAA,OAAAK,CAAA,CAAA6D,MAAA,SAAAwB,IAAA,IAAAvF,CAAA,CAAAyB,IAAA,CAAAvB,CAAA,wBAAAqF,IAAA,GAAArF,CAAA,CAAA+D,UAAA,QAAA5D,CAAA,GAAAH,CAAA,aAAAG,CAAA,iBAAAT,CAAA,mBAAAA,CAAA,KAAAS,CAAA,CAAA0D,MAAA,IAAApE,CAAA,IAAAA,CAAA,IAAAU,CAAA,CAAA4D,UAAA,KAAA5D,CAAA,cAAAE,CAAA,GAAAF,CAAA,GAAAA,CAAA,CAAAiE,UAAA,cAAA/D,CAAA,CAAAgB,IAAA,GAAA3B,CAAA,EAAAW,CAAA,CAAAiB,GAAA,GAAA7B,CAAA,EAAAU,CAAA,SAAA8C,MAAA,gBAAAS,IAAA,GAAAvD,CAAA,CAAA4D,UAAA,EAAAnC,CAAA,SAAA+D,QAAA,CAAAtF,CAAA,MAAAsF,QAAA,WAAAA,SAAAjG,CAAA,EAAAD,CAAA,oBAAAC,CAAA,CAAA2B,IAAA,QAAA3B,CAAA,CAAA4B,GAAA,qBAAA5B,CAAA,CAAA2B,IAAA,mBAAA3B,CAAA,CAAA2B,IAAA,QAAAqC,IAAA,GAAAhE,CAAA,CAAA4B,GAAA,gBAAA5B,CAAA,CAAA2B,IAAA,SAAAoE,IAAA,QAAAnE,GAAA,GAAA5B,CAAA,CAAA4B,GAAA,OAAA2B,MAAA,kBAAAS,IAAA,yBAAAhE,CAAA,CAAA2B,IAAA,IAAA5B,CAAA,UAAAiE,IAAA,GAAAjE,CAAA,GAAAmC,CAAA,KAAAgE,MAAA,WAAAA,OAAAlG,CAAA,aAAAD,CAAA,QAAAwE,UAAA,CAAAM,MAAA,MAAA9E,CAAA,SAAAA,CAAA,QAAAE,CAAA,QAAAsE,UAAA,CAAAxE,CAAA,OAAAE,CAAA,CAAAoE,UAAA,KAAArE,CAAA,cAAAiG,QAAA,CAAAhG,CAAA,CAAAyE,UAAA,EAAAzE,CAAA,CAAAqE,QAAA,GAAAG,aAAA,CAAAxE,CAAA,GAAAiC,CAAA,yBAAAiE,OAAAnG,CAAA,aAAAD,CAAA,QAAAwE,UAAA,CAAAM,MAAA,MAAA9E,CAAA,SAAAA,CAAA,QAAAE,CAAA,QAAAsE,UAAA,CAAAxE,CAAA,OAAAE,CAAA,CAAAkE,MAAA,KAAAnE,CAAA,QAAAI,CAAA,GAAAH,CAAA,CAAAyE,UAAA,kBAAAtE,CAAA,CAAAuB,IAAA,QAAArB,CAAA,GAAAF,CAAA,CAAAwB,GAAA,EAAA6C,aAAA,CAAAxE,CAAA,YAAAK,CAAA,gBAAA+C,KAAA,8BAAA+C,aAAA,WAAAA,cAAArG,CAAA,EAAAE,CAAA,EAAAG,CAAA,gBAAAoD,QAAA,KAAA5C,QAAA,EAAA6B,MAAA,CAAA1C,CAAA,GAAAgE,UAAA,EAAA9D,CAAA,EAAAgE,OAAA,EAAA7D,CAAA,oBAAAmD,MAAA,UAAA3B,GAAA,GAAA5B,CAAA,GAAAkC,CAAA,OAAAnC,CAAA;AAAA,SAAAsG,mBAAAC,GAAA,EAAArD,OAAA,EAAAsD,MAAA,EAAAC,KAAA,EAAAC,MAAA,EAAAC,GAAA,EAAA9E,GAAA,cAAA+E,IAAA,GAAAL,GAAA,CAAAI,GAAA,EAAA9E,GAAA,OAAApB,KAAA,GAAAmG,IAAA,CAAAnG,KAAA,WAAAoG,KAAA,IAAAL,MAAA,CAAAK,KAAA,iBAAAD,IAAA,CAAArD,IAAA,IAAAL,OAAA,CAAAzC,KAAA,YAAA+E,OAAA,CAAAtC,OAAA,CAAAzC,KAAA,EAAA2C,IAAA,CAAAqD,KAAA,EAAAC,MAAA;AAAA,SAAAI,kBAAAC,EAAA,6BAAAC,IAAA,SAAAC,IAAA,GAAAC,SAAA,aAAA1B,OAAA,WAAAtC,OAAA,EAAAsD,MAAA,QAAAD,GAAA,GAAAQ,EAAA,CAAAI,KAAA,CAAAH,IAAA,EAAAC,IAAA,YAAAR,MAAAhG,KAAA,IAAA6F,kBAAA,CAAAC,GAAA,EAAArD,OAAA,EAAAsD,MAAA,EAAAC,KAAA,EAAAC,MAAA,UAAAjG,KAAA,cAAAiG,OAAAU,GAAA,IAAAd,kBAAA,CAAAC,GAAA,EAAArD,OAAA,EAAAsD,MAAA,EAAAC,KAAA,EAAAC,MAAA,WAAAU,GAAA,KAAAX,KAAA,CAAAY,SAAA;AAEA,IAAMC,YAAY;EAAA,IAAAC,IAAA,GAAAT,iBAAA,eAAA/G,mBAAA,GAAAoF,IAAA,CAAG,SAAAqC,QAAOC,OAAO,EAAEC,QAAQ,EAAEzD,IAAI;IAAA,IAAA0D,UAAA,EAAAC,KAAA,EAAAC,OAAA,EAAAC,IAAA;IAAA,OAAA/H,mBAAA,GAAAuB,IAAA,UAAAyG,SAAAC,QAAA;MAAA,kBAAAA,QAAA,CAAApC,IAAA,GAAAoC,QAAA,CAAA/D,IAAA;QAAA;UAAA+D,QAAA,CAAApC,IAAA;UAEzC+B,UAAU,GAAGF,OAAO,CAACQ,OAAO,CAACC,aAAa;UAAA,IAC3CP,UAAU;YAAAK,QAAA,CAAA/D,IAAA;YAAA;UAAA;UAAA,MAAQ,IAAIX,KAAK,CAAC,yBAAyB,CAAC;QAAA;UAErDsE,KAAK,GAAGD,UAAU,CAACQ,KAAK,CAAC,GAAG,CAAC,CAAC,CAAC,CAAC;UAAA,IACjCP,KAAK;YAAAI,QAAA,CAAA/D,IAAA;YAAA;UAAA;UAAA,MAAQ,IAAIX,KAAK,CAAC,wBAAwB,CAAC;QAAA;UAAA0E,QAAA,CAAA/D,IAAA;UAAA,OAE/BmE,wBAAG,CAACC,MAAM,CAACT,KAAK,EAAEU,OAAO,CAACC,GAAG,CAACC,MAAM,CAAC;QAAA;UAArDX,OAAO,GAAAG,QAAA,CAAArE,IAAA;UACb8E,OAAO,CAACC,GAAG,CAACb,OAAO,CAAC;;UAEpB;UAAAG,QAAA,CAAA/D,IAAA;UAAA,OACmB0E,qBAAI,CAACC,cAAc,CAACf,OAAO,CAACgB,QAAQ,CAAC;QAAA;UAAlDf,IAAI,GAAAE,QAAA,CAAArE,IAAA;UAAA,IACLmE,IAAI;YAAAE,QAAA,CAAA/D,IAAA;YAAA;UAAA;UAAA,MACD,IAAIX,KAAK,CAAC,gBAAgB,CAAC;QAAA;UAEnCmE,OAAO,CAACK,IAAI,GAAGA,IAAI,CAAC,CAAC;UACrB7D,IAAI,CAAC,CAAC;UAAC+D,QAAA,CAAA/D,IAAA;UAAA;QAAA;UAAA+D,QAAA,CAAApC,IAAA;UAAAoC,QAAA,CAAAc,EAAA,GAAAd,QAAA;UAEP/D,IAAI,CAAC,IAAIX,KAAK,yBAAAyF,MAAA,CAAyBf,QAAA,CAAAc,EAAA,CAAIE,OAAO,CAAE,CAAC,CAAC;QAAC;QAAA;UAAA,OAAAhB,QAAA,CAAAjC,IAAA;MAAA;IAAA,GAAAyB,OAAA;EAAA,CAE1D;EAAA,gBArBKF,YAAYA,CAAA2B,EAAA,EAAAC,GAAA,EAAAC,GAAA;IAAA,OAAA5B,IAAA,CAAAJ,KAAA,OAAAD,SAAA;EAAA;AAAA,GAqBjB;AAAC,IAAAkC,QAAA,GAAAC,OAAA,cAEa/B,YAAY"},"_coverageSchema":"1a1c01bbd47fc00a2c39e90264f33305004495a9","hash":"fad26285be7479559bc387e34fece08af2262d4f","contentHash":"f7131872f1b5fdb015486d2e7d40feee7469b3fa42bcc98682e2faaf46abf467"},"D:\\SETU\\Agile Software\\movies-api-cicd-lab\\errHandler\\index.js":{"path":"D:\\SETU\\Agile Software\\movies-api-cicd-lab\\errHandler\\index.js","statementMap":{"0":{"start":{"line":3,"column":0},"end":{"line":5,"column":3}},"1":{"start":{"line":6,"column":0},"end":{"line":6,"column":28}},"2":{"start":{"line":7,"column":24},"end":{"line":14,"column":1}},"3":{"start":{"line":10,"column":2},"end":{"line":12,"column":3}},"4":{"start":{"line":11,"column":4},"end":{"line":11,"column":57}},"5":{"start":{"line":13,"column":2},"end":{"line":13,"column":123}},"6":{"start":{"line":15,"column":15},"end":{"line":15,"column":53}}},"fnMap":{"0":{"name":"defaultErrHandler","decl":{"start":{"line":7,"column":33},"end":{"line":7,"column":50}},"loc":{"start":{"line":7,"column":72},"end":{"line":14,"column":1}},"line":7}},"branchMap":{"0":{"loc":{"start":{"line":10,"column":2},"end":{"line":12,"column":3}},"type":"if","locations":[{"start":{"line":10,"column":2},"end":{"line":12,"column":3}},{"start":{"line":10,"column":2},"end":{"line":12,"column":3}}],"line":10}},"s":{"0":1,"1":1,"2":1,"3":3,"4":0,"5":3,"6":1},"f":{"0":3},"b":{"0":[0,3]},"inputSourceMap":{"version":3,"names":["defaultErrHandler","err","req","res","next","process","env","NODE_ENV","status","send","concat","stack","_default","exports"],"sourceRoot":"D:\\SETU\\Agile Software\\movies-api-cicd-lab\\errHandler\\","sources":["index.js"],"sourcesContent":["const defaultErrHandler = (err, req, res, next) => {\r\n  /* if the error in development then send stack trace to display whole error,\r\n    if it's in production then just send error message  */\r\n  if (process.env.NODE_ENV === \"production\") {\r\n    return res.status(500).send(`Something went wrong!`);\r\n  }\r\n  res\r\n    .status(500)\r\n    .send(`Hey!! You caught the error 👍👍. Here's the details: ${err.stack} `);\r\n};\r\n\r\nexport default defaultErrHandler;\r\n"],"mappings":";;;;;;AAAA,IAAMA,iBAAiB,GAAG,SAApBA,iBAAiBA,CAAIC,GAAG,EAAEC,GAAG,EAAEC,GAAG,EAAEC,IAAI,EAAK;EACjD;AACF;EACE,IAAIC,OAAO,CAACC,GAAG,CAACC,QAAQ,KAAK,YAAY,EAAE;IACzC,OAAOJ,GAAG,CAACK,MAAM,CAAC,GAAG,CAAC,CAACC,IAAI,wBAAwB,CAAC;EACtD;EACAN,GAAG,CACAK,MAAM,CAAC,GAAG,CAAC,CACXC,IAAI,6EAAAC,MAAA,CAAyDT,GAAG,CAACU,KAAK,MAAG,CAAC;AAC/E,CAAC;AAAC,IAAAC,QAAA,GAAAC,OAAA,cAEab,iBAAiB"},"_coverageSchema":"1a1c01bbd47fc00a2c39e90264f33305004495a9","hash":"0524ffa56080c1978af28f03ddda7a4187e08ecf","contentHash":"3284d2b068919b0d51d232e6828cc7055dd8949e5776067dc1f2fe6519b232cc"}}