TN:
SF:index.js
FN:9,_interopRequireDefault
FN:24,(anonymous_1)
FNF:2
FNH:2
FNDA:7,_interopRequireDefault
FNDA:1,(anonymous_1)
DA:1,1
DA:2,1
DA:3,1
DA:4,1
DA:5,1
DA:6,1
DA:7,1
DA:8,1
DA:9,7
DA:11,1
DA:13,1
DA:14,1
DA:16,1
DA:17,1
DA:18,1
DA:19,1
DA:20,1
DA:22,1
DA:24,1
DA:25,1
DA:28,1
LF:21
LH:21
BRDA:9,0,0,11
BRDA:9,0,1,10
BRF:2
BRH:2
end_of_record
TN:
SF:api\tmdb-api.js
FN:1,_interopRequireDefault
FN:2,_regeneratorRuntime
FN:3,(anonymous_60)
FN:3,_callee
FN:3,getUpcomingMovies
FN:15,(anonymous_64)
FN:15,_callee2
FN:15,getGenres
FNF:8
FNH:8
FNDA:2,_interopRequireDefault
FNDA:85,_regeneratorRuntime
FNDA:1,(anonymous_60)
FNDA:5,_callee
FNDA:1,getUpcomingMovies
FNDA:1,(anonymous_64)
FNDA:5,_callee2
FNDA:1,getGenres
DA:1,1
DA:2,280
DA:3,10
DA:4,1
DA:8,2
DA:9,1
DA:12,2
DA:13,1
DA:15,10
DA:16,1
DA:20,2
DA:21,1
DA:24,2
DA:25,1
LF:14
LH:14
BRDA:1,0,0,2
BRDA:1,0,1,1
BRDA:2,1,0,49
BRDA:2,1,1,77
BRDA:2,2,0,1
BRDA:2,2,1,1
BRDA:2,2,2,1
BRDA:2,2,3,1
BRDA:2,3,0,4
BRDA:2,3,1,0
BRDA:2,3,2,0
BRDA:2,4,0,0
BRDA:2,4,1,0
BRDA:2,4,2,0
BRDA:2,4,3,0
BRDA:2,4,4,0
BRDA:2,5,0,4
BRDA:2,5,1,0
BRDA:2,5,2,0
BRDA:2,5,3,0
BRDA:2,5,4,0
BRDA:2,5,5,0
BRDA:3,6,0,1
BRDA:3,6,1,1
BRDA:3,6,2,1
BRDA:3,6,3,1
BRDA:3,6,4,0
BRDA:3,6,5,1
BRDA:4,7,0,1
BRDA:4,7,1,0
BRDA:15,8,0,1
BRDA:15,8,1,1
BRDA:15,8,2,1
BRDA:15,8,3,1
BRDA:15,8,4,0
BRDA:15,8,5,1
BRDA:16,9,0,1
BRDA:16,9,1,0
BRF:38
BRH:22
end_of_record
TN:
SF:api\movies\index.js
FN:4,_interopRequireDefault
FN:2,_regeneratorRuntime
FN:10,(anonymous_66)
FN:10,_callee
FN:10,_callee$
FN:32,(anonymous_69)
FN:38,(anonymous_70)
FN:38,_callee2
FN:38,_callee2$
FN:49,(anonymous_73)
FN:54,(anonymous_74)
FN:54,_callee3
FN:54,_callee3$
FN:57,(anonymous_77)
FN:62,(anonymous_78)
FN:62,_callee4
FN:62,_callee4$
FN:65,(anonymous_81)
FNF:18
FNH:12
FNDA:4,_interopRequireDefault
FNDA:111,_regeneratorRuntime
FNDA:1,(anonymous_66)
FNDA:1,_callee
FNDA:2,_callee$
FNDA:1,(anonymous_69)
FNDA:1,(anonymous_70)
FNDA:3,_callee2
FNDA:6,_callee2$
FNDA:3,(anonymous_73)
FNDA:1,(anonymous_74)
FNDA:0,_callee3
FNDA:0,_callee3$
FNDA:0,(anonymous_77)
FNDA:1,(anonymous_78)
FNDA:0,_callee4
FNDA:0,_callee4$
FNDA:0,(anonymous_81)
DA:1,1
DA:2,312
DA:3,1
DA:4,3
DA:6,1
DA:8,1
DA:10,5
DA:12,1
DA:14,1
DA:15,1
DA:21,2
DA:22,1
DA:25,1
DA:31,1
DA:32,2
DA:36,1
DA:38,15
DA:39,3
DA:40,3
DA:41,3
DA:42,1
DA:44,2
DA:48,3
DA:49,4
DA:52,1
DA:54,1
DA:55,0
DA:56,0
DA:57,1
DA:60,1
DA:62,1
DA:63,0
DA:64,0
DA:65,1
DA:66,1
LF:35
LH:31
BRDA:4,0,0,4
BRDA:4,0,1,5
BRDA:2,1,0,54
BRDA:2,1,1,61
BRDA:2,2,0,2
BRDA:2,2,1,1
BRDA:2,2,2,1
BRDA:2,2,3,1
BRDA:2,3,0,0
BRDA:2,3,1,0
BRDA:2,3,2,0
BRDA:2,4,0,0
BRDA:2,4,1,0
BRDA:2,4,2,0
BRDA:2,4,3,0
BRDA:2,4,4,0
BRDA:2,5,0,0
BRDA:2,5,1,0
BRDA:2,5,2,0
BRDA:2,5,3,0
BRDA:2,5,4,0
BRDA:2,5,5,0
BRDA:10,6,0,1
BRDA:10,6,1,1
BRDA:10,6,2,1
BRDA:10,6,3,1
BRDA:11,7,0,1
BRDA:11,7,1,0
BRDA:11,8,0,1
BRDA:11,8,1,0
BRDA:38,9,0,3
BRDA:38,9,1,3
BRDA:38,9,2,3
BRDA:38,9,3,3
BRDA:41,10,0,1
BRDA:41,10,1,2
BRDA:54,11,0,0
BRDA:54,11,1,0
BRDA:54,11,2,0
BRDA:54,11,3,0
BRDA:62,12,0,0
BRDA:62,12,1,0
BRDA:62,12,2,0
BRDA:62,12,3,0
BRF:44
BRH:20
end_of_record
TN:
SF:api\movies\movieModel.js
FN:1,_interopRequireDefault
FN:34,(anonymous_1)
FNF:2
FNH:2
FNDA:1,_interopRequireDefault
FNDA:3,(anonymous_1)
DA:1,1
DA:3,1
DA:6,1
DA:34,1
DA:35,3
DA:36,1
LF:6
LH:6
BRDA:1,0,0,1
BRDA:1,0,1,2
BRF:2
BRH:2
end_of_record
TN:
SF:api\users\index.js
FN:4,_interopRequireDefault
FN:2,_regeneratorRuntime
FN:6,validatePassword
FN:15,(anonymous_61)
FN:15,_callee
FN:15,_callee$
FN:18,(anonymous_64)
FN:23,(anonymous_65)
FN:23,_callee2
FN:23,_callee2$
FN:45,(anonymous_68)
FN:49,(anonymous_69)
FN:49,_callee3
FN:49,_callee3$
FN:62,(anonymous_72)
FN:64,registerUser
FN:64,_registerUser
FN:64,_callee4
FN:64,_callee4$
FN:70,authenticateUser
FN:70,_authenticateUser
FN:70,_callee5
FN:70,_callee5$
FNF:23
FNH:23
FNDA:5,_interopRequireDefault
FNDA:1856,_regeneratorRuntime
FNDA:43,validatePassword
FNDA:1,(anonymous_61)
FNDA:2,_callee
FNDA:4,_callee$
FNDA:2,(anonymous_64)
FNDA:1,(anonymous_65)
FNDA:43,_callee2
FNDA:86,_callee2$
FNDA:43,(anonymous_68)
FNDA:1,(anonymous_69)
FNDA:1,_callee3
FNDA:2,_callee3$
FNDA:1,(anonymous_72)
FNDA:31,registerUser
FNDA:1,_registerUser
FNDA:31,_callee4
FNDA:62,_callee4$
FNDA:11,authenticateUser
FNDA:1,_authenticateUser
FNDA:11,_callee5
FNDA:33,_callee5$
DA:1,1
DA:2,5991
DA:3,1
DA:4,4
DA:6,1
DA:8,43
DA:9,43
DA:12,1
DA:15,10
DA:16,2
DA:17,2
DA:18,3
DA:21,1
DA:23,382
DA:25,86
DA:28,43
DA:29,84
DA:33,42
DA:35,53
DA:36,71
DA:38,84
DA:42,1
DA:43,43
DA:45,44
DA:49,5
DA:50,1
DA:51,1
DA:57,1
DA:58,0
DA:60,1
DA:61,1
DA:62,2
DA:64,155
DA:67,31
DA:68,1
DA:70,87
DA:71,11
DA:72,20
DA:75,10
DA:78,10
DA:79,10
DA:80,9
DA:81,9
DA:83,1
DA:84,11
DA:85,1
LF:46
LH:45
BRDA:4,0,0,5
BRDA:4,0,1,7
BRDA:2,1,0,1066
BRDA:2,1,1,1467
BRDA:2,2,0,1
BRDA:2,2,1,1
BRDA:2,2,2,1
BRDA:2,2,3,1
BRDA:2,3,0,6
BRDA:2,3,1,2
BRDA:2,3,2,0
BRDA:2,4,0,0
BRDA:2,4,1,0
BRDA:2,4,2,0
BRDA:2,4,3,0
BRDA:2,4,4,0
BRDA:2,5,0,4
BRDA:2,5,1,0
BRDA:2,5,2,0
BRDA:2,5,3,0
BRDA:2,5,4,0
BRDA:2,5,5,0
BRDA:15,6,0,2
BRDA:15,6,1,2
BRDA:15,6,2,2
BRDA:15,6,3,2
BRDA:23,7,0,43
BRDA:23,7,1,43
BRDA:23,7,2,42
BRDA:23,7,3,30
BRDA:23,7,4,11
BRDA:23,7,5,41
BRDA:23,7,6,1
BRDA:23,7,7,42
BRDA:23,7,8,43
BRDA:23,8,0,43
BRDA:23,8,1,0
BRDA:25,9,0,43
BRDA:25,9,1,43
BRDA:28,10,0,42
BRDA:28,10,1,1
BRDA:33,11,0,11
BRDA:33,11,1,31
BRDA:49,12,0,1
BRDA:49,12,1,1
BRDA:49,12,2,1
BRDA:49,12,3,1
BRDA:50,13,0,0
BRDA:50,13,1,1
BRDA:57,14,0,0
BRDA:57,14,1,1
BRDA:64,15,0,31
BRDA:64,15,1,30
BRDA:64,15,2,30
BRDA:64,15,3,31
BRDA:70,16,0,11
BRDA:70,16,1,11
BRDA:70,16,2,10
BRDA:70,16,3,10
BRDA:70,16,4,10
BRDA:70,16,5,11
BRDA:71,17,0,10
BRDA:71,17,1,1
BRDA:79,18,0,9
BRDA:79,18,1,1
BRF:65
BRH:51
end_of_record
TN:
SF:api\users\userModel.js
FN:2,_interopRequireDefault
FN:2,_regeneratorRuntime
FN:10,(anonymous_60)
FN:10,_callee
FN:10,_callee$
FN:12,(anonymous_63)
FN:14,(anonymous_64)
FN:18,(anonymous_65)
FN:18,_callee2
FN:18,_callee2$
FN:32,(anonymous_68)
FNF:11
FNH:11
FNDA:3,_interopRequireDefault
FNDA:960,_regeneratorRuntime
FNDA:1,(anonymous_60)
FNDA:10,_callee
FNDA:30,_callee$
FNDA:10,(anonymous_63)
FNDA:15,(anonymous_64)
FNDA:1,(anonymous_65)
FNDA:33,_callee2
FNDA:66,_callee2$
FNDA:33,(anonymous_68)
DA:1,1
DA:2,3153
DA:3,1
DA:5,1
DA:10,80
DA:11,20
DA:12,11
DA:14,1
DA:15,15
DA:18,231
DA:19,33
DA:20,33
DA:21,66
DA:23,33
DA:24,33
DA:25,66
DA:27,66
DA:30,33
DA:32,34
LF:19
LH:19
BRDA:2,0,0,2
BRDA:2,0,1,4
BRDA:2,1,0,610
BRDA:2,1,1,849
BRDA:2,2,0,1
BRDA:2,2,1,1
BRDA:2,2,2,1
BRDA:2,2,3,1
BRDA:2,3,0,20
BRDA:2,3,1,0
BRDA:2,3,2,0
BRDA:2,4,0,0
BRDA:2,4,1,0
BRDA:2,4,2,0
BRDA:2,4,3,0
BRDA:2,4,4,0
BRDA:2,5,0,20
BRDA:2,5,1,0
BRDA:2,5,2,0
BRDA:2,5,3,0
BRDA:2,5,4,0
BRDA:2,5,5,0
BRDA:10,6,0,10
BRDA:10,6,1,10
BRDA:10,6,2,0
BRDA:10,6,3,10
BRDA:18,7,0,33
BRDA:18,7,1,33
BRDA:18,7,2,0
BRDA:18,7,3,33
BRDA:18,7,4,0
BRDA:18,7,5,33
BRDA:18,7,6,33
BRDA:20,8,0,0
BRDA:20,8,1,33
BRDA:21,9,0,33
BRDA:21,9,1,0
BRF:37
BRH:20
end_of_record
TN:
SF:authenticate\index.js
FN:2,_interopRequireDefault
FN:2,_regeneratorRuntime
FN:4,(anonymous_60)
FN:4,_callee
FN:4,_callee$
FN:4,authenticate
FNF:6
FNH:6
FNDA:3,_interopRequireDefault
FNDA:191,_regeneratorRuntime
FNDA:1,(anonymous_60)
FNDA:7,_callee
FNDA:18,_callee$
FNDA:7,authenticate
DA:1,1
DA:2,652
DA:4,59
DA:6,7
DA:7,8
DA:9,4
DA:10,8
DA:12,4
DA:13,4
DA:15,4
DA:16,4
DA:17,8
DA:20,4
DA:21,14
DA:23,7
DA:25,1
LF:16
LH:16
BRDA:2,0,0,3
BRDA:2,0,1,3
BRDA:2,1,0,133
BRDA:2,1,1,149
BRDA:2,2,0,1
BRDA:2,2,1,1
BRDA:2,2,2,1
BRDA:2,2,3,1
BRDA:2,3,0,0
BRDA:2,3,1,0
BRDA:2,3,2,0
BRDA:2,4,0,0
BRDA:2,4,1,0
BRDA:2,4,2,0
BRDA:2,4,3,0
BRDA:2,4,4,0
BRDA:2,5,0,0
BRDA:2,5,1,0
BRDA:2,5,2,0
BRDA:2,5,3,0
BRDA:2,5,4,0
BRDA:2,5,5,0
BRDA:4,6,0,7
BRDA:4,6,1,4
BRDA:4,6,2,4
BRDA:4,6,3,4
BRDA:4,6,4,4
BRDA:4,6,5,4
BRDA:4,6,6,3
BRDA:4,6,7,7
BRDA:4,6,8,7
BRDA:6,7,0,4
BRDA:6,7,1,3
BRDA:9,8,0,4
BRDA:9,8,1,0
BRDA:16,9,0,4
BRDA:16,9,1,0
BRF:37
BRH:21
end_of_record
TN:
SF:db\index.js
FN:2,_interopRequireDefault
FN:10,(anonymous_1)
FN:13,(anonymous_2)
FN:16,(anonymous_3)
FNF:4
FNH:2
FNDA:2,_interopRequireDefault
FNDA:0,(anonymous_1)
FNDA:0,(anonymous_2)
FNDA:1,(anonymous_3)
DA:1,1
DA:2,2
DA:4,1
DA:7,1
DA:8,1
DA:10,1
DA:11,0
DA:13,1
DA:14,0
DA:16,1
DA:17,1
LF:11
LH:9
BRDA:2,0,0,2
BRDA:2,0,1,4
BRF:2
BRH:2
end_of_record
TN:
SF:errHandler\index.js
FN:1,defaultErrHandler
FNF:1
FNH:1
FNDA:3,defaultErrHandler
DA:1,1
DA:4,3
DA:5,0
DA:7,3
DA:10,1
LF:5
LH:4
BRDA:4,0,0,0
BRDA:4,0,1,3
BRF:2
BRH:1
end_of_record
TN:
SF:seedData\genres.js
FNF:0
FNH:0
DA:1,1
DA:18,1
LF:2
LH:2
BRF:0
BRH:0
end_of_record
TN:
SF:seedData\index.js
FN:7,_interopRequireDefault
FN:2,_regeneratorRuntime
FN:13,loadUsers
FN:24,_loadUsers
FN:13,_callee
FN:17,(anonymous_64)
FN:25,loadMovies
FN:25,_loadMovies
FN:25,_callee2
FNF:9
FNH:9
FNDA:7,_interopRequireDefault
FNDA:79,_regeneratorRuntime
FNDA:1,loadUsers
FNDA:1,_loadUsers
FNDA:4,_callee
FNDA:2,(anonymous_64)
FNDA:1,loadMovies
FNDA:1,_loadMovies
FNDA:4,_callee2
DA:1,1
DA:2,229
DA:3,1
DA:5,1
DA:6,1
DA:7,6
DA:9,1
DA:13,8
DA:14,2
DA:16,1
DA:17,2
DA:18,2
DA:20,1
DA:22,1
DA:24,1
DA:25,8
DA:26,1
DA:27,2
DA:29,1
DA:31,2
DA:33,1
DA:35,1
DA:37,1
DA:38,1
DA:39,1
LF:25
LH:25
BRDA:7,0,0,11
BRDA:7,0,1,7
BRDA:7,1,0,0
BRDA:7,1,1,0
BRDA:7,1,2,0
BRDA:7,1,3,0
BRDA:2,2,0,41
BRDA:2,2,1,45
BRDA:2,3,0,1
BRDA:2,3,1,1
BRDA:2,3,2,1
BRDA:2,3,3,1
BRDA:2,4,0,0
BRDA:2,4,1,0
BRDA:2,4,2,0
BRDA:2,5,0,0
BRDA:2,5,1,0
BRDA:2,5,2,0
BRDA:2,5,3,0
BRDA:2,5,4,0
BRDA:2,6,0,0
BRDA:2,6,1,0
BRDA:2,6,2,0
BRDA:2,6,3,0
BRDA:2,6,4,0
BRDA:2,6,5,0
BRDA:13,7,0,1
BRDA:13,7,1,1
BRDA:13,7,2,1
BRDA:13,7,3,0
BRDA:13,7,4,1
BRDA:13,7,5,1
BRDA:25,8,0,1
BRDA:25,8,1,1
BRDA:25,8,2,1
BRDA:25,8,3,0
BRDA:25,8,4,1
BRDA:25,8,5,1
BRDA:37,9,0,1
BRDA:37,9,1,0
BRF:40
BRH:19
end_of_record
TN:
SF:seedData\movies.js
FNF:0
FNH:0
DA:1,1
DA:406,1
LF:2
LH:2
BRF:0
BRH:0
end_of_record
TN:
SF:seedData\users.js
FNF:0
FNH:0
DA:1,1
DA:10,1
LF:2
LH:2
BRF:0
BRH:0
end_of_record
